mode: atomic
github.com/nehpz/claudicus/cmd/watch/auto.go:38.38,44.2 1 0
github.com/nehpz/claudicus/cmd/watch/auto.go:46.60,49.2 2 0
github.com/nehpz/claudicus/cmd/watch/auto.go:51.80,54.16 3 0
github.com/nehpz/claudicus/cmd/watch/auto.go:54.16,56.3 1 0
github.com/nehpz/claudicus/cmd/watch/auto.go:57.2,57.28 1 0
github.com/nehpz/claudicus/cmd/watch/auto.go:60.73,63.2 2 0
github.com/nehpz/claudicus/cmd/watch/auto.go:65.60,67.2 1 0
github.com/nehpz/claudicus/cmd/watch/auto.go:69.76,71.16 2 0
github.com/nehpz/claudicus/cmd/watch/auto.go:71.16,73.3 1 0
github.com/nehpz/claudicus/cmd/watch/auto.go:76.2,79.73 2 0
github.com/nehpz/claudicus/cmd/watch/auto.go:79.73,81.3 1 0
github.com/nehpz/claudicus/cmd/watch/auto.go:84.2,89.47 1 0
github.com/nehpz/claudicus/cmd/watch/auto.go:89.47,91.3 1 0
github.com/nehpz/claudicus/cmd/watch/auto.go:93.2,95.13 3 0
github.com/nehpz/claudicus/cmd/watch/auto.go:95.13,106.3 3 0
github.com/nehpz/claudicus/cmd/watch/auto.go:109.2,110.55 2 0
github.com/nehpz/claudicus/cmd/watch/auto.go:110.55,117.3 6 0
github.com/nehpz/claudicus/cmd/watch/auto.go:119.2,121.30 3 0
github.com/nehpz/claudicus/cmd/watch/auto.go:124.58,127.6 2 0
github.com/nehpz/claudicus/cmd/watch/auto.go:127.6,128.10 1 0
github.com/nehpz/claudicus/cmd/watch/auto.go:129.18,130.10 1 0
github.com/nehpz/claudicus/cmd/watch/auto.go:131.11,133.18 2 0
github.com/nehpz/claudicus/cmd/watch/auto.go:133.18,136.13 3 0
github.com/nehpz/claudicus/cmd/watch/auto.go:139.4,139.15 1 0
github.com/nehpz/claudicus/cmd/watch/auto.go:139.15,141.5 1 0
github.com/nehpz/claudicus/cmd/watch/auto.go:141.11,143.5 0 0
github.com/nehpz/claudicus/cmd/watch/auto.go:145.4,145.17 1 0
github.com/nehpz/claudicus/cmd/watch/auto.go:145.17,147.52 2 0
github.com/nehpz/claudicus/cmd/watch/auto.go:147.52,149.6 1 0
github.com/nehpz/claudicus/cmd/watch/auto.go:149.11,151.6 1 0
github.com/nehpz/claudicus/cmd/watch/auto.go:154.4,154.38 1 0
github.com/nehpz/claudicus/cmd/watch/auto.go:159.55,161.16 2 0
github.com/nehpz/claudicus/cmd/watch/auto.go:161.16,163.3 1 0
github.com/nehpz/claudicus/cmd/watch/auto.go:166.2,167.46 2 0
github.com/nehpz/claudicus/cmd/watch/auto.go:167.46,169.48 2 0
github.com/nehpz/claudicus/cmd/watch/auto.go:169.48,170.36 1 0
github.com/nehpz/claudicus/cmd/watch/auto.go:170.36,172.10 2 0
github.com/nehpz/claudicus/cmd/watch/auto.go:175.3,175.13 1 0
github.com/nehpz/claudicus/cmd/watch/auto.go:175.13,178.4 2 0
github.com/nehpz/claudicus/cmd/watch/auto.go:180.2,183.45 2 0
github.com/nehpz/claudicus/cmd/watch/auto.go:183.45,187.14 4 0
github.com/nehpz/claudicus/cmd/watch/auto.go:187.14,189.4 1 0
github.com/nehpz/claudicus/cmd/watch/auto.go:192.2,192.12 1 0
github.com/nehpz/claudicus/cmd/watch/auto.go:195.33,206.12 6 0
github.com/nehpz/claudicus/cmd/watch/auto.go:206.12,207.7 1 0
github.com/nehpz/claudicus/cmd/watch/auto.go:207.7,208.11 1 0
github.com/nehpz/claudicus/cmd/watch/auto.go:209.27,210.54 1 0
github.com/nehpz/claudicus/cmd/watch/auto.go:210.54,212.6 1 0
github.com/nehpz/claudicus/cmd/watch/auto.go:213.19,214.11 1 0
github.com/nehpz/claudicus/cmd/watch/auto.go:220.2,220.51 1 0
github.com/nehpz/claudicus/cmd/watch/auto.go:220.51,222.3 1 0
github.com/nehpz/claudicus/cmd/watch/auto.go:225.2,227.16 3 0
github.com/nehpz/claudicus/cmd/watch/auto.go:242.32,245.3 2 0
github.com/nehpz/claudicus/cmd/watch/auto.go:246.55,250.3 3 0
github.com/nehpz/claudicus/pkg/agents/agents.go:130.30,134.2 3 51
github.com/nehpz/claudicus/cmd/reset/reset.go:27.61,29.16 2 2
github.com/nehpz/claudicus/cmd/reset/reset.go:29.16,31.3 1 0
github.com/nehpz/claudicus/cmd/reset/reset.go:33.2,36.56 2 2
github.com/nehpz/claudicus/cmd/reset/reset.go:36.56,40.3 3 0
github.com/nehpz/claudicus/cmd/reset/reset.go:43.2,48.16 5 2
github.com/nehpz/claudicus/cmd/reset/reset.go:48.16,50.3 1 2
github.com/nehpz/claudicus/cmd/reset/reset.go:52.2,53.42 2 0
github.com/nehpz/claudicus/cmd/reset/reset.go:53.42,56.3 2 0
github.com/nehpz/claudicus/cmd/reset/reset.go:59.2,59.50 1 0
github.com/nehpz/claudicus/cmd/reset/reset.go:59.50,62.3 2 0
github.com/nehpz/claudicus/cmd/reset/reset.go:64.2,66.12 3 0
github.com/nehpz/claudicus/cmd/prompt/prompt.go:43.68,49.34 3 9
github.com/nehpz/claudicus/cmd/prompt/prompt.go:49.34,52.22 2 10
github.com/nehpz/claudicus/cmd/prompt/prompt.go:52.22,54.4 1 2
github.com/nehpz/claudicus/cmd/prompt/prompt.go:56.3,60.17 4 8
github.com/nehpz/claudicus/cmd/prompt/prompt.go:60.17,62.4 1 1
github.com/nehpz/claudicus/cmd/prompt/prompt.go:64.3,64.16 1 7
github.com/nehpz/claudicus/cmd/prompt/prompt.go:64.16,66.4 1 1
github.com/nehpz/claudicus/cmd/prompt/prompt.go:69.3,73.4 2 6
github.com/nehpz/claudicus/cmd/prompt/prompt.go:76.2,76.26 1 5
github.com/nehpz/claudicus/cmd/prompt/prompt.go:80.46,81.15 1 12
github.com/nehpz/claudicus/cmd/prompt/prompt.go:82.16,83.18 1 4
github.com/nehpz/claudicus/cmd/prompt/prompt.go:84.16,85.18 1 1
github.com/nehpz/claudicus/cmd/prompt/prompt.go:86.15,87.17 1 1
github.com/nehpz/claudicus/cmd/prompt/prompt.go:88.16,89.18 1 2
github.com/nehpz/claudicus/cmd/prompt/prompt.go:90.16,91.18 1 3
github.com/nehpz/claudicus/cmd/prompt/prompt.go:92.10,94.15 1 1
github.com/nehpz/claudicus/cmd/prompt/prompt.go:100.37,103.16 3 3
github.com/nehpz/claudicus/cmd/prompt/prompt.go:103.16,105.3 1 0
github.com/nehpz/claudicus/cmd/prompt/prompt.go:106.2,107.13 2 3
github.com/nehpz/claudicus/cmd/prompt/prompt.go:111.79,112.25 1 3
github.com/nehpz/claudicus/cmd/prompt/prompt.go:112.25,114.3 1 0
github.com/nehpz/claudicus/cmd/prompt/prompt.go:117.2,119.16 3 3
github.com/nehpz/claudicus/cmd/prompt/prompt.go:119.16,120.25 1 0
github.com/nehpz/claudicus/cmd/prompt/prompt.go:120.25,123.4 1 0
github.com/nehpz/claudicus/cmd/prompt/prompt.go:124.3,124.63 1 0
github.com/nehpz/claudicus/cmd/prompt/prompt.go:128.2,129.54 2 3
github.com/nehpz/claudicus/cmd/prompt/prompt.go:129.54,131.3 1 0
github.com/nehpz/claudicus/cmd/prompt/prompt.go:134.2,135.36 2 3
github.com/nehpz/claudicus/cmd/prompt/prompt.go:135.36,136.26 1 3
github.com/nehpz/claudicus/cmd/prompt/prompt.go:136.26,138.4 1 3
github.com/nehpz/claudicus/cmd/prompt/prompt.go:141.2,141.27 1 3
github.com/nehpz/claudicus/cmd/prompt/prompt.go:145.82,146.49 1 3
github.com/nehpz/claudicus/cmd/prompt/prompt.go:146.49,149.46 2 4
github.com/nehpz/claudicus/cmd/prompt/prompt.go:149.46,150.28 1 5
github.com/nehpz/claudicus/cmd/prompt/prompt.go:150.28,152.10 2 2
github.com/nehpz/claudicus/cmd/prompt/prompt.go:155.3,155.22 1 4
github.com/nehpz/claudicus/cmd/prompt/prompt.go:155.22,156.12 1 2
github.com/nehpz/claudicus/cmd/prompt/prompt.go:160.3,160.28 1 2
github.com/nehpz/claudicus/cmd/prompt/prompt.go:160.28,162.4 1 2
github.com/nehpz/claudicus/cmd/prompt/prompt.go:164.2,164.79 1 1
github.com/nehpz/claudicus/cmd/prompt/prompt.go:167.62,168.20 1 7
github.com/nehpz/claudicus/cmd/prompt/prompt.go:168.20,170.3 1 1
github.com/nehpz/claudicus/cmd/prompt/prompt.go:173.2,174.16 2 6
github.com/nehpz/claudicus/cmd/prompt/prompt.go:174.16,176.3 1 1
github.com/nehpz/claudicus/cmd/prompt/prompt.go:177.2,177.52 1 5
github.com/nehpz/claudicus/cmd/prompt/prompt.go:177.52,179.3 1 1
github.com/nehpz/claudicus/cmd/prompt/prompt.go:180.2,180.50 1 4
github.com/nehpz/claudicus/cmd/prompt/prompt.go:180.50,182.3 1 1
github.com/nehpz/claudicus/cmd/prompt/prompt.go:184.2,190.16 5 3
github.com/nehpz/claudicus/cmd/prompt/prompt.go:190.16,193.3 2 0
github.com/nehpz/claudicus/cmd/prompt/prompt.go:196.2,200.16 3 3
github.com/nehpz/claudicus/cmd/prompt/prompt.go:200.16,202.3 1 1
github.com/nehpz/claudicus/cmd/prompt/prompt.go:204.2,204.42 1 2
github.com/nehpz/claudicus/cmd/prompt/prompt.go:204.42,205.37 1 2
github.com/nehpz/claudicus/cmd/prompt/prompt.go:205.37,211.25 3 2
github.com/nehpz/claudicus/cmd/prompt/prompt.go:211.25,214.5 1 1
github.com/nehpz/claudicus/cmd/prompt/prompt.go:216.4,223.18 5 2
github.com/nehpz/claudicus/cmd/prompt/prompt.go:223.18,225.13 2 2
github.com/nehpz/claudicus/cmd/prompt/prompt.go:227.4,233.18 5 0
github.com/nehpz/claudicus/cmd/prompt/prompt.go:233.18,235.13 2 0
github.com/nehpz/claudicus/cmd/prompt/prompt.go:237.4,255.18 10 0
github.com/nehpz/claudicus/cmd/prompt/prompt.go:255.18,257.13 2 0
github.com/nehpz/claudicus/cmd/prompt/prompt.go:260.4,261.58 2 0
github.com/nehpz/claudicus/cmd/prompt/prompt.go:261.58,263.13 2 0
github.com/nehpz/claudicus/cmd/prompt/prompt.go:266.4,272.40 6 0
github.com/nehpz/claudicus/cmd/prompt/prompt.go:272.40,274.13 2 0
github.com/nehpz/claudicus/cmd/prompt/prompt.go:278.4,280.40 3 0
github.com/nehpz/claudicus/cmd/prompt/prompt.go:280.40,282.13 2 0
github.com/nehpz/claudicus/cmd/prompt/prompt.go:286.4,288.43 3 0
github.com/nehpz/claudicus/cmd/prompt/prompt.go:288.43,290.13 2 0
github.com/nehpz/claudicus/cmd/prompt/prompt.go:294.4,294.102 1 0
github.com/nehpz/claudicus/cmd/prompt/prompt.go:294.102,298.46 3 0
github.com/nehpz/claudicus/cmd/prompt/prompt.go:298.46,300.6 1 0
github.com/nehpz/claudicus/cmd/prompt/prompt.go:303.4,304.32 2 0
github.com/nehpz/claudicus/cmd/prompt/prompt.go:304.32,306.5 1 0
github.com/nehpz/claudicus/cmd/prompt/prompt.go:306.10,308.5 1 0
github.com/nehpz/claudicus/cmd/prompt/prompt.go:309.5,311.45 3 0
github.com/nehpz/claudicus/cmd/prompt/prompt.go:311.45,313.14 2 0
github.com/nehpz/claudicus/cmd/prompt/prompt.go:317.5,318.28 2 0
github.com/nehpz/claudicus/cmd/prompt/prompt.go:318.28,319.116 1 0
github.com/nehpz/claudicus/cmd/prompt/prompt.go:319.116,321.7 1 0
github.com/nehpz/claudicus/cmd/prompt/prompt.go:323.5,323.13 1 0
github.com/nehpz/claudicus/cmd/prompt/prompt.go:326.4,327.23 2 0
github.com/nehpz/claudicus/cmd/prompt/prompt.go:327.23,329.13 2 0
github.com/nehpz/claudicus/cmd/prompt/prompt.go:332.4,334.61 3 0
github.com/nehpz/claudicus/cmd/prompt/prompt.go:334.61,336.13 2 0
github.com/nehpz/claudicus/cmd/prompt/prompt.go:339.4,340.18 2 0
github.com/nehpz/claudicus/cmd/prompt/prompt.go:340.18,342.13 2 0
github.com/nehpz/claudicus/cmd/prompt/prompt.go:345.4,351.46 5 0
github.com/nehpz/claudicus/cmd/prompt/prompt.go:351.46,353.13 2 0
github.com/nehpz/claudicus/cmd/prompt/prompt.go:357.4,359.47 3 0
github.com/nehpz/claudicus/cmd/prompt/prompt.go:359.47,361.5 1 0
github.com/nehpz/claudicus/cmd/prompt/prompt.go:364.4,366.45 3 0
github.com/nehpz/claudicus/cmd/prompt/prompt.go:366.45,368.5 1 0
github.com/nehpz/claudicus/cmd/prompt/prompt.go:370.4,374.41 3 0
github.com/nehpz/claudicus/cmd/prompt/prompt.go:374.41,376.14 1 0
github.com/nehpz/claudicus/cmd/prompt/prompt.go:376.19,378.14 1 0
github.com/nehpz/claudicus/cmd/prompt/prompt.go:379.4,381.44 3 0
github.com/nehpz/claudicus/cmd/prompt/prompt.go:381.44,383.13 2 0
github.com/nehpz/claudicus/cmd/prompt/prompt.go:387.4,388.27 2 0
github.com/nehpz/claudicus/cmd/prompt/prompt.go:388.27,389.137 1 0
github.com/nehpz/claudicus/cmd/prompt/prompt.go:389.137,391.6 1 0
github.com/nehpz/claudicus/cmd/prompt/prompt.go:396.2,396.12 1 2
github.com/nehpz/claudicus/pkg/config/config.go:14.29,19.2 1 1
github.com/nehpz/claudicus/pkg/config/config.go:22.47,24.16 2 7
github.com/nehpz/claudicus/pkg/config/config.go:24.16,26.3 1 2
github.com/nehpz/claudicus/pkg/config/config.go:28.2,29.54 2 5
github.com/nehpz/claudicus/pkg/config/config.go:29.54,31.3 1 2
github.com/nehpz/claudicus/pkg/config/config.go:33.2,33.21 1 3
github.com/nehpz/claudicus/pkg/config/config.go:37.36,39.2 1 1
github.com/nehpz/claudicus/cmd/run/run.go:30.59,33.20 2 3
github.com/nehpz/claudicus/cmd/run/run.go:33.20,35.3 1 1
github.com/nehpz/claudicus/cmd/run/run.go:37.2,41.15 3 2
github.com/nehpz/claudicus/cmd/run/run.go:41.15,43.3 1 0
github.com/nehpz/claudicus/cmd/run/run.go:46.2,47.16 2 2
github.com/nehpz/claudicus/cmd/run/run.go:47.16,50.3 2 0
github.com/nehpz/claudicus/cmd/run/run.go:52.2,52.30 1 2
github.com/nehpz/claudicus/cmd/run/run.go:52.30,54.3 1 2
github.com/nehpz/claudicus/cmd/run/run.go:56.2,59.41 2 0
github.com/nehpz/claudicus/cmd/run/run.go:59.41,66.17 4 0
github.com/nehpz/claudicus/cmd/run/run.go:66.17,68.12 2 0
github.com/nehpz/claudicus/cmd/run/run.go:71.3,75.43 4 0
github.com/nehpz/claudicus/cmd/run/run.go:75.43,77.12 2 0
github.com/nehpz/claudicus/cmd/run/run.go:81.3,84.42 4 0
github.com/nehpz/claudicus/cmd/run/run.go:84.42,86.4 1 0
github.com/nehpz/claudicus/cmd/run/run.go:86.9,88.20 2 0
github.com/nehpz/claudicus/cmd/run/run.go:88.20,90.5 1 0
github.com/nehpz/claudicus/cmd/run/run.go:94.3,94.19 1 0
github.com/nehpz/claudicus/cmd/run/run.go:94.19,96.46 2 0
github.com/nehpz/claudicus/cmd/run/run.go:96.46,98.5 1 0
github.com/nehpz/claudicus/cmd/run/run.go:102.2,102.12 1 0
github.com/nehpz/claudicus/pkg/activity/metrics.go:39.28,48.2 1 3
github.com/nehpz/claudicus/pkg/activity/metrics.go:51.35,54.2 1 14
github.com/nehpz/claudicus/pkg/activity/metrics.go:57.37,59.2 1 4
github.com/nehpz/claudicus/pkg/activity/metrics.go:62.38,64.2 1 5
github.com/nehpz/claudicus/pkg/activity/metrics.go:67.33,69.2 1 7
github.com/nehpz/claudicus/pkg/activity/metrics.go:72.32,73.11 1 9
github.com/nehpz/claudicus/pkg/activity/metrics.go:74.46,75.14 1 6
github.com/nehpz/claudicus/pkg/activity/metrics.go:76.10,77.15 1 3
github.com/nehpz/claudicus/pkg/activity/monitor.go:33.54,39.2 1 20
github.com/nehpz/claudicus/pkg/activity/monitor.go:42.65,46.15 3 3
github.com/nehpz/claudicus/pkg/activity/monitor.go:46.15,48.3 1 1
github.com/nehpz/claudicus/pkg/activity/monitor.go:50.2,56.12 5 2
github.com/nehpz/claudicus/pkg/activity/monitor.go:60.39,64.16 3 3
github.com/nehpz/claudicus/pkg/activity/monitor.go:64.16,66.3 1 1
github.com/nehpz/claudicus/pkg/activity/monitor.go:68.2,71.21 3 2
github.com/nehpz/claudicus/pkg/activity/monitor.go:71.21,73.3 1 2
github.com/nehpz/claudicus/pkg/activity/monitor.go:75.2,75.43 1 2
github.com/nehpz/claudicus/pkg/activity/monitor.go:79.65,80.6 1 2
github.com/nehpz/claudicus/pkg/activity/monitor.go:80.6,81.10 1 2
github.com/nehpz/claudicus/pkg/activity/monitor.go:82.21,83.10 1 2
github.com/nehpz/claudicus/pkg/activity/monitor.go:84.17,85.10 1 0
github.com/nehpz/claudicus/pkg/activity/monitor.go:86.21,87.21 1 0
github.com/nehpz/claudicus/pkg/activity/monitor.go:93.48,96.16 2 0
github.com/nehpz/claudicus/pkg/activity/monitor.go:96.16,99.3 2 0
github.com/nehpz/claudicus/pkg/activity/monitor.go:102.2,103.73 2 0
github.com/nehpz/claudicus/pkg/activity/monitor.go:103.73,104.26 1 0
github.com/nehpz/claudicus/pkg/activity/monitor.go:104.26,106.4 1 0
github.com/nehpz/claudicus/pkg/activity/monitor.go:107.3,107.9 1 0
github.com/nehpz/claudicus/pkg/activity/monitor.go:108.8,109.55 1 0
github.com/nehpz/claudicus/pkg/activity/monitor.go:109.55,112.4 2 0
github.com/nehpz/claudicus/pkg/activity/monitor.go:115.2,119.45 3 0
github.com/nehpz/claudicus/pkg/activity/monitor.go:119.45,120.56 1 0
github.com/nehpz/claudicus/pkg/activity/monitor.go:120.56,123.4 2 0
github.com/nehpz/claudicus/pkg/activity/monitor.go:127.2,127.37 1 0
github.com/nehpz/claudicus/pkg/activity/monitor.go:127.37,129.48 2 0
github.com/nehpz/claudicus/pkg/activity/monitor.go:129.48,130.36 1 0
github.com/nehpz/claudicus/pkg/activity/monitor.go:130.36,132.10 2 0
github.com/nehpz/claudicus/pkg/activity/monitor.go:135.3,135.13 1 0
github.com/nehpz/claudicus/pkg/activity/monitor.go:135.13,137.4 1 0
github.com/nehpz/claudicus/pkg/activity/monitor.go:142.80,143.55 1 2
github.com/nehpz/claudicus/pkg/activity/monitor.go:143.55,145.3 1 1
github.com/nehpz/claudicus/pkg/activity/monitor.go:147.2,149.16 3 1
github.com/nehpz/claudicus/pkg/activity/monitor.go:153.105,154.24 1 0
github.com/nehpz/claudicus/pkg/activity/monitor.go:154.24,156.3 1 0
github.com/nehpz/claudicus/pkg/activity/monitor.go:159.2,159.57 1 0
github.com/nehpz/claudicus/pkg/activity/monitor.go:159.57,161.3 1 0
github.com/nehpz/claudicus/pkg/activity/monitor.go:164.2,174.28 7 0
github.com/nehpz/claudicus/pkg/activity/monitor.go:174.28,176.3 1 0
github.com/nehpz/claudicus/pkg/activity/monitor.go:179.2,179.38 1 0
github.com/nehpz/claudicus/pkg/activity/monitor.go:183.84,189.16 4 0
github.com/nehpz/claudicus/pkg/activity/monitor.go:189.16,191.3 1 0
github.com/nehpz/claudicus/pkg/activity/monitor.go:193.2,195.38 3 0
github.com/nehpz/claudicus/pkg/activity/monitor.go:195.38,197.3 1 0
github.com/nehpz/claudicus/pkg/activity/monitor.go:200.2,201.21 2 0
github.com/nehpz/claudicus/pkg/activity/monitor.go:201.21,205.46 3 0
github.com/nehpz/claudicus/pkg/activity/monitor.go:205.46,206.97 1 0
github.com/nehpz/claudicus/pkg/activity/monitor.go:206.97,208.5 1 0
github.com/nehpz/claudicus/pkg/activity/monitor.go:212.2,212.34 1 0
github.com/nehpz/claudicus/pkg/activity/monitor.go:216.85,222.16 4 0
github.com/nehpz/claudicus/pkg/activity/monitor.go:222.16,224.3 1 0
github.com/nehpz/claudicus/pkg/activity/monitor.go:226.2,226.41 1 0
github.com/nehpz/claudicus/pkg/activity/monitor.go:230.104,233.18 2 10
github.com/nehpz/claudicus/pkg/activity/monitor.go:233.18,235.3 1 2
github.com/nehpz/claudicus/pkg/activity/monitor.go:238.2,239.64 2 8
github.com/nehpz/claudicus/pkg/activity/monitor.go:239.64,240.55 1 8
github.com/nehpz/claudicus/pkg/activity/monitor.go:240.55,242.4 1 8
github.com/nehpz/claudicus/pkg/activity/monitor.go:246.2,247.63 2 8
github.com/nehpz/claudicus/pkg/activity/monitor.go:247.63,248.55 1 5
github.com/nehpz/claudicus/pkg/activity/monitor.go:248.55,250.4 1 5
github.com/nehpz/claudicus/pkg/activity/monitor.go:254.2,255.63 2 8
github.com/nehpz/claudicus/pkg/activity/monitor.go:255.63,256.55 1 5
github.com/nehpz/claudicus/pkg/activity/monitor.go:256.55,258.4 1 5
github.com/nehpz/claudicus/pkg/activity/monitor.go:261.2,261.44 1 8
github.com/nehpz/claudicus/pkg/activity/monitor.go:265.64,271.46 4 22038
github.com/nehpz/claudicus/pkg/activity/monitor.go:271.46,282.3 2 431503
github.com/nehpz/claudicus/pkg/activity/monitor.go:284.2,284.15 1 22038
github.com/nehpz/claudicus/pkg/activity/monitor.go:288.66,290.2 1 26
github.com/nehpz/claudicus/pkg/activity/monitor.go:294.87,295.20 1 58
github.com/nehpz/claudicus/pkg/activity/monitor.go:295.20,297.3 1 2
github.com/nehpz/claudicus/pkg/activity/monitor.go:300.2,300.81 1 56
github.com/nehpz/claudicus/pkg/activity/monitor.go:300.81,302.3 1 25
github.com/nehpz/claudicus/pkg/activity/monitor.go:305.2,305.82 1 31
github.com/nehpz/claudicus/pkg/activity/monitor.go:305.82,307.3 1 9
github.com/nehpz/claudicus/pkg/activity/monitor.go:310.2,310.84 1 22
github.com/nehpz/claudicus/pkg/activity/monitor.go:310.84,312.3 1 10
github.com/nehpz/claudicus/pkg/activity/monitor.go:315.2,315.19 1 12
github.com/nehpz/claudicus/cmd/checkpoint/checkpoint.go:29.66,30.19 1 10
github.com/nehpz/claudicus/cmd/checkpoint/checkpoint.go:30.19,32.3 1 5
github.com/nehpz/claudicus/cmd/checkpoint/checkpoint.go:34.2,40.15 5 5
github.com/nehpz/claudicus/cmd/checkpoint/checkpoint.go:40.15,42.3 1 0
github.com/nehpz/claudicus/cmd/checkpoint/checkpoint.go:45.2,46.16 2 5
github.com/nehpz/claudicus/cmd/checkpoint/checkpoint.go:46.16,49.3 2 0
github.com/nehpz/claudicus/cmd/checkpoint/checkpoint.go:52.2,53.41 2 5
github.com/nehpz/claudicus/cmd/checkpoint/checkpoint.go:53.41,56.45 2 0
github.com/nehpz/claudicus/cmd/checkpoint/checkpoint.go:56.45,59.37 2 0
github.com/nehpz/claudicus/cmd/checkpoint/checkpoint.go:59.37,61.10 2 0
github.com/nehpz/claudicus/cmd/checkpoint/checkpoint.go:66.2,66.31 1 5
github.com/nehpz/claudicus/cmd/checkpoint/checkpoint.go:66.31,68.3 1 5
github.com/nehpz/claudicus/cmd/checkpoint/checkpoint.go:71.2,72.61 2 0
github.com/nehpz/claudicus/cmd/checkpoint/checkpoint.go:72.61,74.3 1 0
github.com/nehpz/claudicus/cmd/checkpoint/checkpoint.go:74.8,75.55 1 0
github.com/nehpz/claudicus/cmd/checkpoint/checkpoint.go:75.55,77.4 1 0
github.com/nehpz/claudicus/cmd/checkpoint/checkpoint.go:80.2,81.44 2 0
github.com/nehpz/claudicus/cmd/checkpoint/checkpoint.go:81.44,83.3 1 0
github.com/nehpz/claudicus/cmd/checkpoint/checkpoint.go:86.2,90.16 3 0
github.com/nehpz/claudicus/cmd/checkpoint/checkpoint.go:90.16,92.3 1 0
github.com/nehpz/claudicus/cmd/checkpoint/checkpoint.go:95.2,98.16 4 0
github.com/nehpz/claudicus/cmd/checkpoint/checkpoint.go:98.16,100.3 1 0
github.com/nehpz/claudicus/cmd/checkpoint/checkpoint.go:101.2,106.45 4 0
github.com/nehpz/claudicus/cmd/checkpoint/checkpoint.go:106.45,108.3 1 0
github.com/nehpz/claudicus/cmd/checkpoint/checkpoint.go:111.2,113.37 3 0
github.com/nehpz/claudicus/cmd/checkpoint/checkpoint.go:113.37,115.3 1 0
github.com/nehpz/claudicus/cmd/checkpoint/checkpoint.go:117.2,121.40 5 0
github.com/nehpz/claudicus/cmd/checkpoint/checkpoint.go:121.40,123.3 1 0
github.com/nehpz/claudicus/cmd/checkpoint/checkpoint.go:126.2,129.16 4 0
github.com/nehpz/claudicus/cmd/checkpoint/checkpoint.go:129.16,131.3 1 0
github.com/nehpz/claudicus/cmd/checkpoint/checkpoint.go:132.2,138.16 5 0
github.com/nehpz/claudicus/cmd/checkpoint/checkpoint.go:138.16,140.3 1 0
github.com/nehpz/claudicus/cmd/checkpoint/checkpoint.go:141.2,150.40 7 0
github.com/nehpz/claudicus/cmd/checkpoint/checkpoint.go:150.40,152.3 1 0
github.com/nehpz/claudicus/cmd/checkpoint/checkpoint.go:154.2,156.12 3 0
github.com/nehpz/claudicus/pkg/testutil/testutil.go:40.48,45.2 1 11
github.com/nehpz/claudicus/pkg/testutil/testutil.go:48.95,51.2 2 10
github.com/nehpz/claudicus/pkg/testutil/testutil.go:54.103,56.2 1 1
github.com/nehpz/claudicus/pkg/testutil/testutil.go:59.78,61.2 1 11
github.com/nehpz/claudicus/pkg/testutil/testutil.go:64.112,74.50 5 12
github.com/nehpz/claudicus/pkg/testutil/testutil.go:74.50,76.3 1 10
github.com/nehpz/claudicus/pkg/testutil/testutil.go:79.2,79.64 1 2
github.com/nehpz/claudicus/pkg/testutil/testutil.go:83.54,85.2 1 3
github.com/nehpz/claudicus/pkg/testutil/testutil.go:88.48,90.2 1 4
github.com/nehpz/claudicus/pkg/testutil/testutil.go:93.37,97.2 3 1
github.com/nehpz/claudicus/pkg/testutil/testutil.go:100.80,102.34 2 4
github.com/nehpz/claudicus/pkg/testutil/testutil.go:102.34,103.45 1 7
github.com/nehpz/claudicus/pkg/testutil/testutil.go:103.45,105.4 1 2
github.com/nehpz/claudicus/pkg/testutil/testutil.go:107.2,107.14 1 2
github.com/nehpz/claudicus/pkg/testutil/testutil.go:111.72,113.2 1 39
github.com/nehpz/claudicus/pkg/testutil/testutil.go:127.67,129.2 1 5
github.com/nehpz/claudicus/pkg/testutil/testutil.go:132.44,134.2 1 4
github.com/nehpz/claudicus/pkg/testutil/testutil.go:137.61,139.2 1 1
github.com/nehpz/claudicus/pkg/testutil/testutil.go:142.49,144.2 1 1
github.com/nehpz/claudicus/pkg/testutil/testutil.go:147.57,149.2 1 1
github.com/nehpz/claudicus/pkg/testutil/testutil.go:154.55,156.35 2 1
github.com/nehpz/claudicus/pkg/testutil/testutil.go:156.35,159.3 1 3
github.com/nehpz/claudicus/pkg/testutil/testutil.go:160.2,160.21 1 1
github.com/nehpz/claudicus/pkg/testutil/testutil.go:164.55,165.24 1 2
github.com/nehpz/claudicus/pkg/testutil/testutil.go:165.24,167.3 1 1
github.com/nehpz/claudicus/pkg/testutil/testutil.go:169.2,171.35 3 1
github.com/nehpz/claudicus/pkg/testutil/testutil.go:171.35,172.12 1 2
github.com/nehpz/claudicus/pkg/testutil/testutil.go:172.12,174.4 1 1
github.com/nehpz/claudicus/pkg/testutil/testutil.go:175.3,187.40 1 2
github.com/nehpz/claudicus/pkg/testutil/testutil.go:189.2,190.21 2 1
github.com/nehpz/claudicus/pkg/testutil/testutil.go:208.40,209.16 1 2
github.com/nehpz/claudicus/pkg/testutil/testutil.go:209.16,210.45 1 1
github.com/nehpz/claudicus/pkg/testutil/testutil.go:212.2,212.14 1 1
github.com/nehpz/claudicus/pkg/testutil/testutil.go:228.38,230.2 1 14
github.com/nehpz/claudicus/pkg/testutil/testutil.go:233.65,235.16 2 2
github.com/nehpz/claudicus/pkg/testutil/testutil.go:235.16,238.3 2 1
github.com/nehpz/claudicus/pkg/testutil/testutil.go:242.63,244.16 2 2
github.com/nehpz/claudicus/pkg/testutil/testutil.go:244.16,247.3 2 1
github.com/nehpz/claudicus/pkg/testutil/testutil.go:251.82,253.24 2 2
github.com/nehpz/claudicus/pkg/testutil/testutil.go:253.24,256.3 2 1
github.com/nehpz/claudicus/pkg/testutil/testutil.go:260.85,262.24 2 0
github.com/nehpz/claudicus/pkg/testutil/testutil.go:262.24,265.3 2 0
github.com/nehpz/claudicus/pkg/testutil/testutil.go:269.72,271.18 2 2
github.com/nehpz/claudicus/pkg/testutil/testutil.go:271.18,274.3 2 1
github.com/nehpz/claudicus/pkg/testutil/testutil.go:278.69,280.18 2 2
github.com/nehpz/claudicus/pkg/testutil/testutil.go:280.18,283.3 2 1
github.com/nehpz/claudicus/pkg/testutil/testutil.go:287.63,289.12 2 2
github.com/nehpz/claudicus/pkg/testutil/testutil.go:289.12,292.3 2 1
github.com/nehpz/claudicus/pkg/testutil/testutil.go:296.64,298.11 2 2
github.com/nehpz/claudicus/pkg/testutil/testutil.go:298.11,301.3 2 1
github.com/nehpz/claudicus/pkg/testutil/testutil.go:305.66,307.15 2 0
github.com/nehpz/claudicus/pkg/testutil/testutil.go:307.15,308.23 1 0
github.com/nehpz/claudicus/pkg/testutil/testutil.go:308.23,311.4 2 0
github.com/nehpz/claudicus/pkg/testutil/testutil.go:313.2,313.5 1 0
github.com/nehpz/claudicus/pkg/testutil/cmdmock/cmdmock.go:45.53,49.25 3 34
github.com/nehpz/claudicus/pkg/testutil/cmdmock/cmdmock.go:49.25,52.3 1 1
github.com/nehpz/claudicus/pkg/testutil/cmdmock/cmdmock.go:55.2,65.13 5 33
github.com/nehpz/claudicus/pkg/testutil/cmdmock/cmdmock.go:65.13,72.3 1 31
github.com/nehpz/claudicus/pkg/testutil/cmdmock/cmdmock.go:75.2,75.40 1 33
github.com/nehpz/claudicus/pkg/testutil/cmdmock/cmdmock.go:82.59,84.2 1 5
github.com/nehpz/claudicus/pkg/testutil/cmdmock/cmdmock.go:87.90,93.13 5 11
github.com/nehpz/claudicus/pkg/testutil/cmdmock/cmdmock.go:93.13,95.3 1 2
github.com/nehpz/claudicus/pkg/testutil/cmdmock/cmdmock.go:97.2,102.27 2 11
github.com/nehpz/claudicus/pkg/testutil/cmdmock/cmdmock.go:106.14,113.2 5 27
github.com/nehpz/claudicus/pkg/testutil/cmdmock/cmdmock.go:116.15,120.2 3 14
github.com/nehpz/claudicus/pkg/testutil/cmdmock/cmdmock.go:123.16,127.2 3 3
github.com/nehpz/claudicus/pkg/testutil/cmdmock/cmdmock.go:130.31,138.2 5 10
github.com/nehpz/claudicus/pkg/testutil/cmdmock/cmdmock.go:141.25,145.2 3 7
github.com/nehpz/claudicus/pkg/testutil/cmdmock/cmdmock.go:148.56,153.40 4 13
github.com/nehpz/claudicus/pkg/testutil/cmdmock/cmdmock.go:153.40,154.49 1 17
github.com/nehpz/claudicus/pkg/testutil/cmdmock/cmdmock.go:154.49,156.4 1 6
github.com/nehpz/claudicus/pkg/testutil/cmdmock/cmdmock.go:158.2,158.14 1 7
github.com/nehpz/claudicus/pkg/testutil/cmdmock/cmdmock.go:162.64,169.40 5 7
github.com/nehpz/claudicus/pkg/testutil/cmdmock/cmdmock.go:169.40,170.49 1 16
github.com/nehpz/claudicus/pkg/testutil/cmdmock/cmdmock.go:170.49,172.4 1 6
github.com/nehpz/claudicus/pkg/testutil/cmdmock/cmdmock.go:174.2,174.16 1 7
github.com/nehpz/claudicus/pkg/testutil/cmdmock/cmdmock.go:179.48,181.2 1 101
github.com/nehpz/claudicus/pkg/testutil/cmdmock/cmdmock.go:183.29,185.16 2 34
github.com/nehpz/claudicus/pkg/testutil/cmdmock/cmdmock.go:185.16,187.3 1 0
github.com/nehpz/claudicus/pkg/testutil/cmdmock/cmdmock.go:188.2,188.12 1 34
github.com/nehpz/claudicus/pkg/testutil/cmdmock/cmdmock.go:193.60,195.2 1 1
github.com/nehpz/claudicus/pkg/testutil/cmdmock/cmdmock.go:198.64,214.2 3 36
github.com/nehpz/claudicus/pkg/testutil/cmdmock/cmdmock.go:221.35,228.2 5 78
github.com/nehpz/claudicus/cmd/ls/ls.go:38.88,41.71 2 0
github.com/nehpz/claudicus/cmd/ls/ls.go:41.71,43.3 1 0
github.com/nehpz/claudicus/cmd/ls/ls.go:43.8,44.55 1 0
github.com/nehpz/claudicus/cmd/ls/ls.go:44.55,46.4 1 0
github.com/nehpz/claudicus/cmd/ls/ls.go:49.2,50.44 2 0
github.com/nehpz/claudicus/cmd/ls/ls.go:50.44,52.3 1 0
github.com/nehpz/claudicus/cmd/ls/ls.go:54.2,64.34 8 0
github.com/nehpz/claudicus/cmd/ls/ls.go:64.34,66.3 1 0
github.com/nehpz/claudicus/cmd/ls/ls.go:68.2,76.55 6 0
github.com/nehpz/claudicus/cmd/ls/ls.go:76.55,78.3 1 0
github.com/nehpz/claudicus/cmd/ls/ls.go:79.2,79.55 1 0
github.com/nehpz/claudicus/cmd/ls/ls.go:79.55,81.3 1 0
github.com/nehpz/claudicus/cmd/ls/ls.go:83.2,83.30 1 0
github.com/nehpz/claudicus/cmd/ls/ls.go:86.57,89.16 3 2
github.com/nehpz/claudicus/cmd/ls/ls.go:89.16,91.3 1 2
github.com/nehpz/claudicus/cmd/ls/ls.go:92.2,92.28 1 0
github.com/nehpz/claudicus/cmd/ls/ls.go:95.48,97.16 2 1
github.com/nehpz/claudicus/cmd/ls/ls.go:97.16,99.3 1 1
github.com/nehpz/claudicus/cmd/ls/ls.go:101.2,101.92 1 0
github.com/nehpz/claudicus/cmd/ls/ls.go:101.92,103.3 1 0
github.com/nehpz/claudicus/cmd/ls/ls.go:104.2,104.16 1 0
github.com/nehpz/claudicus/cmd/ls/ls.go:107.41,108.16 1 4
github.com/nehpz/claudicus/cmd/ls/ls.go:109.15,110.32 1 1
github.com/nehpz/claudicus/cmd/ls/ls.go:111.17,112.34 1 1
github.com/nehpz/claudicus/cmd/ls/ls.go:113.10,114.16 1 2
github.com/nehpz/claudicus/cmd/ls/ls.go:118.37,122.22 3 1
github.com/nehpz/claudicus/cmd/ls/ls.go:122.22,124.3 1 0
github.com/nehpz/claudicus/cmd/ls/ls.go:124.8,124.32 1 1
github.com/nehpz/claudicus/cmd/ls/ls.go:124.32,126.3 1 0
github.com/nehpz/claudicus/cmd/ls/ls.go:126.8,126.34 1 1
github.com/nehpz/claudicus/cmd/ls/ls.go:126.34,128.3 1 0
github.com/nehpz/claudicus/cmd/ls/ls.go:129.2,129.27 1 1
github.com/nehpz/claudicus/cmd/ls/ls.go:147.106,150.71 2 2
github.com/nehpz/claudicus/cmd/ls/ls.go:150.71,151.55 1 2
github.com/nehpz/claudicus/cmd/ls/ls.go:151.55,153.4 1 0
github.com/nehpz/claudicus/cmd/ls/ls.go:156.2,157.45 2 2
github.com/nehpz/claudicus/cmd/ls/ls.go:157.45,159.10 2 0
github.com/nehpz/claudicus/cmd/ls/ls.go:159.10,160.12 1 0
github.com/nehpz/claudicus/cmd/ls/ls.go:164.3,166.45 3 0
github.com/nehpz/claudicus/cmd/ls/ls.go:166.45,168.4 1 0
github.com/nehpz/claudicus/cmd/ls/ls.go:170.3,175.18 4 0
github.com/nehpz/claudicus/cmd/ls/ls.go:175.18,177.4 1 0
github.com/nehpz/claudicus/cmd/ls/ls.go:179.3,191.43 2 0
github.com/nehpz/claudicus/cmd/ls/ls.go:196.2,196.43 1 2
github.com/nehpz/claudicus/cmd/ls/ls.go:196.43,198.3 1 0
github.com/nehpz/claudicus/cmd/ls/ls.go:200.2,200.22 1 2
github.com/nehpz/claudicus/cmd/ls/ls.go:203.89,205.16 2 1
github.com/nehpz/claudicus/cmd/ls/ls.go:205.16,207.3 1 0
github.com/nehpz/claudicus/cmd/ls/ls.go:210.2,212.33 3 1
github.com/nehpz/claudicus/cmd/ls/ls.go:215.85,218.71 2 1
github.com/nehpz/claudicus/cmd/ls/ls.go:218.71,219.55 1 1
github.com/nehpz/claudicus/cmd/ls/ls.go:219.55,221.4 1 0
github.com/nehpz/claudicus/cmd/ls/ls.go:225.2,230.45 3 1
github.com/nehpz/claudicus/cmd/ls/ls.go:230.45,231.43 1 0
github.com/nehpz/claudicus/cmd/ls/ls.go:231.43,233.4 1 0
github.com/nehpz/claudicus/cmd/ls/ls.go:237.2,237.43 1 1
github.com/nehpz/claudicus/cmd/ls/ls.go:237.43,239.3 1 0
github.com/nehpz/claudicus/cmd/ls/ls.go:242.2,248.35 3 1
github.com/nehpz/claudicus/cmd/ls/ls.go:248.35,255.45 5 0
github.com/nehpz/claudicus/cmd/ls/ls.go:255.45,257.4 1 0
github.com/nehpz/claudicus/cmd/ls/ls.go:259.3,264.40 4 0
github.com/nehpz/claudicus/cmd/ls/ls.go:264.40,266.4 1 0
github.com/nehpz/claudicus/cmd/ls/ls.go:266.9,269.4 1 0
github.com/nehpz/claudicus/cmd/ls/ls.go:272.3,273.18 2 0
github.com/nehpz/claudicus/cmd/ls/ls.go:273.18,275.4 1 0
github.com/nehpz/claudicus/cmd/ls/ls.go:278.3,279.22 2 0
github.com/nehpz/claudicus/cmd/ls/ls.go:279.22,281.4 1 0
github.com/nehpz/claudicus/cmd/ls/ls.go:282.3,289.4 1 0
github.com/nehpz/claudicus/cmd/ls/ls.go:291.2,293.12 2 1
github.com/nehpz/claudicus/cmd/ls/ls.go:296.20,298.2 1 1
github.com/nehpz/claudicus/cmd/ls/ls.go:300.58,302.25 2 12
github.com/nehpz/claudicus/cmd/ls/ls.go:302.25,304.3 1 0
github.com/nehpz/claudicus/cmd/ls/ls.go:306.2,306.16 1 12
github.com/nehpz/claudicus/cmd/ls/ls.go:306.16,314.17 5 0
github.com/nehpz/claudicus/cmd/ls/ls.go:314.17,316.4 1 0
github.com/nehpz/claudicus/cmd/ls/ls.go:318.3,318.31 1 0
github.com/nehpz/claudicus/cmd/ls/ls.go:318.31,320.4 1 0
github.com/nehpz/claudicus/cmd/ls/ls.go:320.9,321.70 1 0
github.com/nehpz/claudicus/cmd/ls/ls.go:321.70,323.5 1 0
github.com/nehpz/claudicus/cmd/ls/ls.go:327.3,327.7 1 0
github.com/nehpz/claudicus/cmd/ls/ls.go:327.7,328.11 1 0
github.com/nehpz/claudicus/cmd/ls/ls.go:329.22,330.21 1 0
github.com/nehpz/claudicus/cmd/ls/ls.go:331.20,334.19 3 0
github.com/nehpz/claudicus/cmd/ls/ls.go:334.19,336.14 2 0
github.com/nehpz/claudicus/cmd/ls/ls.go:339.5,339.33 1 0
github.com/nehpz/claudicus/cmd/ls/ls.go:339.33,341.6 1 0
github.com/nehpz/claudicus/cmd/ls/ls.go:341.11,342.72 1 0
github.com/nehpz/claudicus/cmd/ls/ls.go:342.72,344.7 1 0
github.com/nehpz/claudicus/cmd/ls/ls.go:348.8,352.17 3 12
github.com/nehpz/claudicus/cmd/ls/ls.go:352.17,354.4 1 0
github.com/nehpz/claudicus/cmd/ls/ls.go:355.3,355.31 1 12
github.com/nehpz/claudicus/cmd/ls/ls.go:355.31,356.19 1 12
github.com/nehpz/claudicus/cmd/ls/ls.go:356.19,359.5 1 0
github.com/nehpz/claudicus/cmd/ls/ls.go:359.10,361.5 1 12
github.com/nehpz/claudicus/cmd/ls/ls.go:362.4,362.14 1 12
github.com/nehpz/claudicus/cmd/ls/ls.go:365.3,365.18 1 0
github.com/nehpz/claudicus/cmd/ls/ls.go:365.18,367.4 1 0
github.com/nehpz/claudicus/cmd/ls/ls.go:367.9,369.4 1 0
github.com/nehpz/claudicus/pkg/testutil/fsmock/fsmock.go:27.38,31.16 3 13
github.com/nehpz/claudicus/pkg/testutil/fsmock/fsmock.go:31.16,33.3 1 0
github.com/nehpz/claudicus/pkg/testutil/fsmock/fsmock.go:35.2,42.19 2 13
github.com/nehpz/claudicus/pkg/testutil/fsmock/fsmock.go:42.19,44.3 1 13
github.com/nehpz/claudicus/pkg/testutil/fsmock/fsmock.go:46.2,46.15 1 13
github.com/nehpz/claudicus/pkg/testutil/fsmock/fsmock.go:50.36,52.2 1 5
github.com/nehpz/claudicus/pkg/testutil/fsmock/fsmock.go:55.65,58.2 2 9
github.com/nehpz/claudicus/pkg/testutil/fsmock/fsmock.go:61.82,65.66 2 14
github.com/nehpz/claudicus/pkg/testutil/fsmock/fsmock.go:65.66,67.3 1 0
github.com/nehpz/claudicus/pkg/testutil/fsmock/fsmock.go:69.2,69.46 1 14
github.com/nehpz/claudicus/pkg/testutil/fsmock/fsmock.go:73.88,75.2 1 14
github.com/nehpz/claudicus/pkg/testutil/fsmock/fsmock.go:78.57,81.2 2 4
github.com/nehpz/claudicus/pkg/testutil/fsmock/fsmock.go:84.63,86.16 2 4
github.com/nehpz/claudicus/pkg/testutil/fsmock/fsmock.go:86.16,88.3 1 0
github.com/nehpz/claudicus/pkg/testutil/fsmock/fsmock.go:89.2,89.29 1 4
github.com/nehpz/claudicus/pkg/testutil/fsmock/fsmock.go:93.44,97.2 3 5
github.com/nehpz/claudicus/pkg/testutil/fsmock/fsmock.go:100.43,104.2 3 13
github.com/nehpz/claudicus/pkg/testutil/fsmock/fsmock.go:107.44,111.2 3 8
github.com/nehpz/claudicus/pkg/testutil/fsmock/fsmock.go:114.45,117.2 2 1
github.com/nehpz/claudicus/pkg/testutil/fsmock/fsmock.go:120.48,123.2 2 1
github.com/nehpz/claudicus/pkg/testutil/fsmock/fsmock.go:126.44,128.2 1 1
github.com/nehpz/claudicus/pkg/testutil/fsmock/fsmock.go:131.56,132.75 1 1
github.com/nehpz/claudicus/pkg/testutil/fsmock/fsmock.go:132.75,134.3 1 0
github.com/nehpz/claudicus/pkg/testutil/fsmock/fsmock.go:137.2,146.103 2 1
github.com/nehpz/claudicus/pkg/testutil/fsmock/fsmock.go:146.103,148.3 1 0
github.com/nehpz/claudicus/pkg/testutil/fsmock/fsmock.go:151.2,151.116 1 1
github.com/nehpz/claudicus/pkg/testutil/fsmock/fsmock.go:151.116,153.3 1 0
github.com/nehpz/claudicus/pkg/testutil/fsmock/fsmock.go:155.2,155.12 1 1
github.com/nehpz/claudicus/pkg/testutil/fsmock/fsmock.go:159.68,170.27 2 1
github.com/nehpz/claudicus/pkg/testutil/fsmock/fsmock.go:170.27,171.76 1 6
github.com/nehpz/claudicus/pkg/testutil/fsmock/fsmock.go:171.76,173.4 1 0
github.com/nehpz/claudicus/pkg/testutil/fsmock/fsmock.go:177.2,184.39 2 1
github.com/nehpz/claudicus/pkg/testutil/fsmock/fsmock.go:184.39,185.97 1 4
github.com/nehpz/claudicus/pkg/testutil/fsmock/fsmock.go:185.97,187.4 1 0
github.com/nehpz/claudicus/pkg/testutil/fsmock/fsmock.go:190.2,190.12 1 1
github.com/nehpz/claudicus/pkg/testutil/fsmock/fsmock.go:194.63,197.2 2 1
github.com/nehpz/claudicus/pkg/testutil/fsmock/fsmock.go:200.29,201.16 1 15
github.com/nehpz/claudicus/pkg/testutil/fsmock/fsmock.go:201.16,203.3 1 2
github.com/nehpz/claudicus/pkg/testutil/fsmock/fsmock.go:205.2,206.49 2 13
github.com/nehpz/claudicus/pkg/testutil/fsmock/fsmock.go:206.49,208.18 1 0
github.com/nehpz/claudicus/pkg/testutil/fsmock/fsmock.go:208.18,210.4 1 0
github.com/nehpz/claudicus/pkg/testutil/fsmock/fsmock.go:215.51,216.26 1 57
github.com/nehpz/claudicus/pkg/testutil/fsmock/fsmock.go:216.26,218.42 1 2
github.com/nehpz/claudicus/pkg/testutil/fsmock/fsmock.go:218.42,220.4 1 2
github.com/nehpz/claudicus/pkg/testutil/fsmock/fsmock.go:222.3,222.39 1 0
github.com/nehpz/claudicus/pkg/testutil/fsmock/fsmock.go:224.2,224.40 1 55
github.com/nehpz/claudicus/pkg/testutil/fsmock/fsmock.go:228.60,230.16 2 1
github.com/nehpz/claudicus/pkg/testutil/fsmock/fsmock.go:230.16,232.3 1 0
github.com/nehpz/claudicus/pkg/testutil/fsmock/fsmock.go:234.2,237.18 3 1
github.com/nehpz/claudicus/pkg/testutil/fsmock/fsmock.go:241.59,243.2 1 1
github.com/nehpz/claudicus/pkg/testutil/timefreeze/timefreeze.go:24.65,29.2 1 30
github.com/nehpz/claudicus/pkg/testutil/timefreeze/timefreeze.go:32.39,36.2 3 161
github.com/nehpz/claudicus/pkg/testutil/timefreeze/timefreeze.go:39.48,43.2 3 75
github.com/nehpz/claudicus/pkg/testutil/timefreeze/timefreeze.go:46.46,50.2 3 23
github.com/nehpz/claudicus/cmd/kill/kill.go:30.100,35.43 3 0
github.com/nehpz/claudicus/cmd/kill/kill.go:35.43,38.39 2 0
github.com/nehpz/claudicus/cmd/kill/kill.go:38.39,40.4 1 0
github.com/nehpz/claudicus/cmd/kill/kill.go:40.9,42.4 1 0
github.com/nehpz/claudicus/cmd/kill/kill.go:46.2,47.49 2 0
github.com/nehpz/claudicus/cmd/kill/kill.go:47.49,50.17 2 0
github.com/nehpz/claudicus/cmd/kill/kill.go:50.17,53.4 2 0
github.com/nehpz/claudicus/cmd/kill/kill.go:56.3,58.41 3 0
github.com/nehpz/claudicus/cmd/kill/kill.go:58.41,61.4 2 0
github.com/nehpz/claudicus/cmd/kill/kill.go:62.3,67.47 4 0
github.com/nehpz/claudicus/cmd/kill/kill.go:67.47,70.4 2 0
github.com/nehpz/claudicus/cmd/kill/kill.go:71.3,71.55 1 0
github.com/nehpz/claudicus/cmd/kill/kill.go:75.2,76.16 2 0
github.com/nehpz/claudicus/cmd/kill/kill.go:76.16,79.56 2 0
github.com/nehpz/claudicus/cmd/kill/kill.go:79.56,80.59 1 0
github.com/nehpz/claudicus/cmd/kill/kill.go:80.59,82.5 1 0
github.com/nehpz/claudicus/cmd/kill/kill.go:82.10,84.5 1 0
github.com/nehpz/claudicus/cmd/kill/kill.go:88.3,89.55 2 0
github.com/nehpz/claudicus/cmd/kill/kill.go:89.55,90.58 1 0
github.com/nehpz/claudicus/cmd/kill/kill.go:90.58,92.5 1 0
github.com/nehpz/claudicus/cmd/kill/kill.go:92.10,94.5 1 0
github.com/nehpz/claudicus/cmd/kill/kill.go:98.3,98.53 1 0
github.com/nehpz/claudicus/cmd/kill/kill.go:98.53,100.4 1 0
github.com/nehpz/claudicus/cmd/kill/kill.go:100.9,102.4 1 0
github.com/nehpz/claudicus/cmd/kill/kill.go:105.2,105.12 1 0
github.com/nehpz/claudicus/cmd/kill/kill.go:109.65,114.16 3 6
github.com/nehpz/claudicus/cmd/kill/kill.go:114.16,117.3 2 1
github.com/nehpz/claudicus/cmd/kill/kill.go:119.2,119.30 1 5
github.com/nehpz/claudicus/cmd/kill/kill.go:119.30,122.3 2 5
github.com/nehpz/claudicus/cmd/kill/kill.go:124.2,125.45 2 0
github.com/nehpz/claudicus/cmd/kill/kill.go:125.45,128.21 2 0
github.com/nehpz/claudicus/cmd/kill/kill.go:128.21,130.12 2 0
github.com/nehpz/claudicus/cmd/kill/kill.go:132.3,134.70 2 0
github.com/nehpz/claudicus/cmd/kill/kill.go:134.70,136.12 2 0
github.com/nehpz/claudicus/cmd/kill/kill.go:139.3,140.47 2 0
github.com/nehpz/claudicus/cmd/kill/kill.go:143.2,144.12 2 0
github.com/nehpz/claudicus/cmd/kill/kill.go:147.60,148.20 1 30
github.com/nehpz/claudicus/cmd/kill/kill.go:148.20,150.3 1 7
github.com/nehpz/claudicus/cmd/kill/kill.go:152.2,156.15 3 23
github.com/nehpz/claudicus/cmd/kill/kill.go:156.15,158.3 1 0
github.com/nehpz/claudicus/cmd/kill/kill.go:161.2,161.24 1 23
github.com/nehpz/claudicus/cmd/kill/kill.go:161.24,163.3 1 6
github.com/nehpz/claudicus/cmd/kill/kill.go:166.2,167.16 2 17
github.com/nehpz/claudicus/cmd/kill/kill.go:167.16,170.3 2 0
github.com/nehpz/claudicus/cmd/kill/kill.go:173.2,174.41 2 17
github.com/nehpz/claudicus/cmd/kill/kill.go:174.41,175.48 1 0
github.com/nehpz/claudicus/cmd/kill/kill.go:175.48,177.9 2 0
github.com/nehpz/claudicus/cmd/kill/kill.go:181.2,181.25 1 17
github.com/nehpz/claudicus/cmd/kill/kill.go:181.25,184.3 2 17
github.com/nehpz/claudicus/cmd/kill/kill.go:187.2,187.71 1 0
github.com/nehpz/claudicus/cmd/kill/kill.go:187.71,189.3 1 0
github.com/nehpz/claudicus/cmd/kill/kill.go:191.2,192.12 2 0
github.com/nehpz/claudicus/pkg/state/filesystem.go:23.71,25.2 1 9
github.com/nehpz/claudicus/pkg/state/filesystem.go:28.93,30.2 1 15
github.com/nehpz/claudicus/pkg/state/filesystem.go:33.75,35.2 1 16
github.com/nehpz/claudicus/pkg/state/filesystem.go:38.68,40.2 1 0
github.com/nehpz/claudicus/pkg/state/filesystem.go:43.59,45.2 1 14
github.com/nehpz/claudicus/pkg/state/filesystem.go:48.58,50.2 1 0
github.com/nehpz/claudicus/pkg/state/filesystem.go:53.40,55.2 1 15
github.com/nehpz/claudicus/pkg/state/interfaces.go:18.94,21.2 2 26
github.com/nehpz/claudicus/pkg/state/interfaces.go:24.80,27.2 2 2
github.com/nehpz/claudicus/pkg/state/reader.go:35.51,41.2 2 11
github.com/nehpz/claudicus/pkg/state/reader.go:44.62,46.57 1 4
github.com/nehpz/claudicus/pkg/state/reader.go:46.57,48.3 1 2
github.com/nehpz/claudicus/pkg/state/reader.go:51.2,52.16 2 2
github.com/nehpz/claudicus/pkg/state/reader.go:52.16,54.3 1 0
github.com/nehpz/claudicus/pkg/state/reader.go:57.2,58.54 2 2
github.com/nehpz/claudicus/pkg/state/reader.go:58.54,60.3 1 1
github.com/nehpz/claudicus/pkg/state/reader.go:63.2,64.46 2 1
github.com/nehpz/claudicus/pkg/state/reader.go:64.46,76.27 5 2
github.com/nehpz/claudicus/pkg/state/reader.go:76.27,78.4 1 1
github.com/nehpz/claudicus/pkg/state/reader.go:80.3,94.43 2 2
github.com/nehpz/claudicus/pkg/state/reader.go:97.2,97.22 1 1
github.com/nehpz/claudicus/pkg/state/reader.go:102.68,104.44 2 9
github.com/nehpz/claudicus/pkg/state/reader.go:104.44,107.3 1 6
github.com/nehpz/claudicus/pkg/state/reader.go:108.2,108.20 1 3
github.com/nehpz/claudicus/pkg/state/reader.go:112.68,115.39 2 3
github.com/nehpz/claudicus/pkg/state/reader.go:115.39,117.3 1 3
github.com/nehpz/claudicus/pkg/state/reader.go:120.2,121.16 2 0
github.com/nehpz/claudicus/pkg/state/reader.go:121.16,123.3 1 0
github.com/nehpz/claudicus/pkg/state/reader.go:126.2,128.42 1 0
github.com/nehpz/claudicus/pkg/state/reader.go:128.42,130.3 1 0
github.com/nehpz/claudicus/pkg/state/reader.go:132.2,132.16 1 0
github.com/nehpz/claudicus/pkg/state/reader.go:136.75,139.16 3 1
github.com/nehpz/claudicus/pkg/state/reader.go:139.16,141.3 1 1
github.com/nehpz/claudicus/pkg/state/reader.go:142.2,142.28 1 0
github.com/nehpz/claudicus/pkg/state/reader.go:146.72,147.24 1 4
github.com/nehpz/claudicus/pkg/state/reader.go:147.24,149.3 1 1
github.com/nehpz/claudicus/pkg/state/reader.go:152.2,152.57 1 3
github.com/nehpz/claudicus/pkg/state/reader.go:152.57,154.3 1 3
github.com/nehpz/claudicus/pkg/state/reader.go:157.2,162.16 5 0
github.com/nehpz/claudicus/pkg/state/reader.go:162.16,164.3 1 0
github.com/nehpz/claudicus/pkg/state/reader.go:166.2,166.45 1 0
github.com/nehpz/claudicus/pkg/state/reader.go:170.68,178.55 5 6
github.com/nehpz/claudicus/pkg/state/reader.go:178.55,180.3 1 3
github.com/nehpz/claudicus/pkg/state/reader.go:181.2,181.55 1 6
github.com/nehpz/claudicus/pkg/state/reader.go:181.55,183.3 1 3
github.com/nehpz/claudicus/pkg/state/reader.go:185.2,185.30 1 6
github.com/nehpz/claudicus/pkg/state/reader.go:189.67,191.16 2 1
github.com/nehpz/claudicus/pkg/state/reader.go:191.16,193.3 1 0
github.com/nehpz/claudicus/pkg/state/reader.go:195.2,196.38 2 1
github.com/nehpz/claudicus/pkg/state/reader.go:196.38,197.35 1 0
github.com/nehpz/claudicus/pkg/state/reader.go:197.35,199.4 1 0
github.com/nehpz/claudicus/pkg/state/reader.go:202.2,202.28 1 1
github.com/nehpz/claudicus/pkg/state/reader.go:206.91,208.35 2 1
github.com/nehpz/claudicus/pkg/state/reader.go:208.35,212.3 1 2
github.com/nehpz/claudicus/pkg/state/reader.go:213.2,213.17 1 1
github.com/nehpz/claudicus/pkg/state/state.go:34.38,36.2 1 6
github.com/nehpz/claudicus/pkg/state/state.go:40.84,42.16 2 6
github.com/nehpz/claudicus/pkg/state/state.go:42.16,45.3 2 0
github.com/nehpz/claudicus/pkg/state/state.go:47.2,52.3 2 6
github.com/nehpz/claudicus/pkg/state/state.go:55.48,58.2 2 8
github.com/nehpz/claudicus/pkg/state/state.go:61.45,63.16 2 9
github.com/nehpz/claudicus/pkg/state/state.go:63.16,66.3 2 0
github.com/nehpz/claudicus/pkg/state/state.go:67.2,67.42 1 9
github.com/nehpz/claudicus/pkg/state/state.go:71.48,74.16 2 8
github.com/nehpz/claudicus/pkg/state/state.go:74.16,77.3 1 0
github.com/nehpz/claudicus/pkg/state/state.go:79.2,81.20 3 8
github.com/nehpz/claudicus/pkg/state/state.go:81.20,83.3 1 8
github.com/nehpz/claudicus/pkg/state/state.go:84.2,84.15 1 0
github.com/nehpz/claudicus/pkg/state/state.go:88.65,91.2 2 2
github.com/nehpz/claudicus/pkg/state/state.go:93.70,97.16 3 2
github.com/nehpz/claudicus/pkg/state/state.go:97.16,98.25 1 1
github.com/nehpz/claudicus/pkg/state/state.go:98.25,100.4 1 1
github.com/nehpz/claudicus/pkg/state/state.go:101.3,101.18 1 0
github.com/nehpz/claudicus/pkg/state/state.go:104.2,104.54 1 1
github.com/nehpz/claudicus/pkg/state/state.go:104.54,106.3 1 0
github.com/nehpz/claudicus/pkg/state/state.go:108.2,109.23 2 1
github.com/nehpz/claudicus/pkg/state/state.go:109.23,111.3 1 0
github.com/nehpz/claudicus/pkg/state/state.go:113.2,114.41 2 1
github.com/nehpz/claudicus/pkg/state/state.go:114.41,115.69 1 1
github.com/nehpz/claudicus/pkg/state/state.go:115.69,117.4 1 1
github.com/nehpz/claudicus/pkg/state/state.go:120.2,120.28 1 1
github.com/nehpz/claudicus/pkg/state/state.go:123.102,125.2 1 6
github.com/nehpz/claudicus/pkg/state/state.go:127.120,128.44 1 7
github.com/nehpz/claudicus/pkg/state/state.go:128.44,130.3 1 0
github.com/nehpz/claudicus/pkg/state/state.go:133.2,134.59 2 7
github.com/nehpz/claudicus/pkg/state/state.go:134.59,136.3 1 2
github.com/nehpz/claudicus/pkg/state/state.go:139.2,152.53 3 7
github.com/nehpz/claudicus/pkg/state/state.go:152.53,154.3 1 1
github.com/nehpz/claudicus/pkg/state/state.go:154.8,156.3 1 6
github.com/nehpz/claudicus/pkg/state/state.go:158.2,161.60 2 7
github.com/nehpz/claudicus/pkg/state/state.go:161.60,163.3 1 0
github.com/nehpz/claudicus/pkg/state/state.go:166.2,167.16 2 7
github.com/nehpz/claudicus/pkg/state/state.go:167.16,169.3 1 0
github.com/nehpz/claudicus/pkg/state/state.go:171.2,171.50 1 7
github.com/nehpz/claudicus/pkg/state/state.go:175.51,177.16 2 9
github.com/nehpz/claudicus/pkg/state/state.go:177.16,180.3 2 0
github.com/nehpz/claudicus/pkg/state/state.go:181.2,181.42 1 9
github.com/nehpz/claudicus/pkg/state/state.go:185.71,187.16 2 8
github.com/nehpz/claudicus/pkg/state/state.go:187.16,189.3 1 0
github.com/nehpz/claudicus/pkg/state/state.go:191.2,192.55 2 8
github.com/nehpz/claudicus/pkg/state/state.go:192.55,194.3 1 0
github.com/nehpz/claudicus/pkg/state/state.go:196.2,198.25 3 8
github.com/nehpz/claudicus/pkg/state/state.go:198.25,200.3 1 0
github.com/nehpz/claudicus/pkg/state/state.go:202.2,202.65 1 8
github.com/nehpz/claudicus/pkg/state/state.go:205.47,207.2 1 1
github.com/nehpz/claudicus/pkg/state/state.go:209.63,212.56 2 3
github.com/nehpz/claudicus/pkg/state/state.go:212.56,213.25 1 1
github.com/nehpz/claudicus/pkg/state/state.go:213.25,215.4 1 1
github.com/nehpz/claudicus/pkg/state/state.go:216.3,216.13 1 0
github.com/nehpz/claudicus/pkg/state/state.go:217.8,218.55 1 2
github.com/nehpz/claudicus/pkg/state/state.go:218.55,220.4 1 1
github.com/nehpz/claudicus/pkg/state/state.go:224.2,228.16 3 1
github.com/nehpz/claudicus/pkg/state/state.go:228.16,230.3 1 0
github.com/nehpz/claudicus/pkg/state/state.go:232.2,232.47 1 1
github.com/nehpz/claudicus/pkg/state/state.go:236.82,239.56 2 6
github.com/nehpz/claudicus/pkg/state/state.go:239.56,241.3 1 0
github.com/nehpz/claudicus/pkg/state/state.go:241.8,242.55 1 6
github.com/nehpz/claudicus/pkg/state/state.go:242.55,244.4 1 1
github.com/nehpz/claudicus/pkg/state/state.go:247.2,248.9 2 5
github.com/nehpz/claudicus/pkg/state/state.go:248.9,250.3 1 1
github.com/nehpz/claudicus/pkg/state/state.go:252.2,252.20 1 4
