mode: set
github.com/nehpz/claudicus/cmd/checkpoint/checkpoint.go:29.66,30.19 1 0
github.com/nehpz/claudicus/cmd/checkpoint/checkpoint.go:30.19,32.3 1 0
github.com/nehpz/claudicus/cmd/checkpoint/checkpoint.go:34.2,40.15 5 0
github.com/nehpz/claudicus/cmd/checkpoint/checkpoint.go:40.15,42.3 1 0
github.com/nehpz/claudicus/cmd/checkpoint/checkpoint.go:45.2,46.16 2 0
github.com/nehpz/claudicus/cmd/checkpoint/checkpoint.go:46.16,49.3 2 0
github.com/nehpz/claudicus/cmd/checkpoint/checkpoint.go:52.2,53.41 2 0
github.com/nehpz/claudicus/cmd/checkpoint/checkpoint.go:53.41,56.45 2 0
github.com/nehpz/claudicus/cmd/checkpoint/checkpoint.go:56.45,59.37 2 0
github.com/nehpz/claudicus/cmd/checkpoint/checkpoint.go:59.37,61.10 2 0
github.com/nehpz/claudicus/cmd/checkpoint/checkpoint.go:66.2,66.31 1 0
github.com/nehpz/claudicus/cmd/checkpoint/checkpoint.go:66.31,68.3 1 0
github.com/nehpz/claudicus/cmd/checkpoint/checkpoint.go:71.2,72.61 2 0
github.com/nehpz/claudicus/cmd/checkpoint/checkpoint.go:72.61,74.3 1 0
github.com/nehpz/claudicus/cmd/checkpoint/checkpoint.go:74.8,75.55 1 0
github.com/nehpz/claudicus/cmd/checkpoint/checkpoint.go:75.55,77.4 1 0
github.com/nehpz/claudicus/cmd/checkpoint/checkpoint.go:80.2,81.44 2 0
github.com/nehpz/claudicus/cmd/checkpoint/checkpoint.go:81.44,83.3 1 0
github.com/nehpz/claudicus/cmd/checkpoint/checkpoint.go:86.2,90.16 3 0
github.com/nehpz/claudicus/cmd/checkpoint/checkpoint.go:90.16,92.3 1 0
github.com/nehpz/claudicus/cmd/checkpoint/checkpoint.go:95.2,98.16 4 0
github.com/nehpz/claudicus/cmd/checkpoint/checkpoint.go:98.16,100.3 1 0
github.com/nehpz/claudicus/cmd/checkpoint/checkpoint.go:101.2,106.45 4 0
github.com/nehpz/claudicus/cmd/checkpoint/checkpoint.go:106.45,108.3 1 0
github.com/nehpz/claudicus/cmd/checkpoint/checkpoint.go:111.2,113.37 3 0
github.com/nehpz/claudicus/cmd/checkpoint/checkpoint.go:113.37,115.3 1 0
github.com/nehpz/claudicus/cmd/checkpoint/checkpoint.go:117.2,121.40 5 0
github.com/nehpz/claudicus/cmd/checkpoint/checkpoint.go:121.40,123.3 1 0
github.com/nehpz/claudicus/cmd/checkpoint/checkpoint.go:126.2,129.16 4 0
github.com/nehpz/claudicus/cmd/checkpoint/checkpoint.go:129.16,131.3 1 0
github.com/nehpz/claudicus/cmd/checkpoint/checkpoint.go:132.2,138.16 5 0
github.com/nehpz/claudicus/cmd/checkpoint/checkpoint.go:138.16,140.3 1 0
github.com/nehpz/claudicus/cmd/checkpoint/checkpoint.go:141.2,150.40 7 0
github.com/nehpz/claudicus/cmd/checkpoint/checkpoint.go:150.40,152.3 1 0
github.com/nehpz/claudicus/cmd/checkpoint/checkpoint.go:154.2,156.12 3 0
github.com/nehpz/claudicus/uzi.go:54.13,65.58 9 0
github.com/nehpz/claudicus/uzi.go:65.58,68.24 2 0
github.com/nehpz/claudicus/uzi.go:68.24,70.4 1 0
github.com/nehpz/claudicus/uzi.go:71.3,71.13 1 0
github.com/nehpz/claudicus/uzi.go:75.2,76.19 2 0
github.com/nehpz/claudicus/uzi.go:76.19,78.48 2 0
github.com/nehpz/claudicus/uzi.go:78.48,79.36 1 0
github.com/nehpz/claudicus/uzi.go:79.36,81.10 2 0
github.com/nehpz/claudicus/uzi.go:86.2,86.31 1 0
github.com/nehpz/claudicus/uzi.go:87.18,87.18 0 0
github.com/nehpz/claudicus/uzi.go:88.36,89.9 1 0
github.com/nehpz/claudicus/uzi.go:90.70,91.13 1 0
github.com/nehpz/claudicus/uzi.go:92.10,94.13 2 0
github.com/nehpz/claudicus/uzi.go:97.2,97.35 1 0
github.com/nehpz/claudicus/uzi.go:97.35,100.3 2 0
github.com/nehpz/claudicus/cmd/kill/kill.go:30.100,35.43 3 0
github.com/nehpz/claudicus/cmd/kill/kill.go:35.43,38.39 2 0
github.com/nehpz/claudicus/cmd/kill/kill.go:38.39,40.4 1 0
github.com/nehpz/claudicus/cmd/kill/kill.go:40.9,42.4 1 0
github.com/nehpz/claudicus/cmd/kill/kill.go:46.2,47.49 2 0
github.com/nehpz/claudicus/cmd/kill/kill.go:47.49,50.17 2 0
github.com/nehpz/claudicus/cmd/kill/kill.go:50.17,53.4 2 0
github.com/nehpz/claudicus/cmd/kill/kill.go:56.3,58.41 3 0
github.com/nehpz/claudicus/cmd/kill/kill.go:58.41,61.4 2 0
github.com/nehpz/claudicus/cmd/kill/kill.go:62.3,67.47 4 0
github.com/nehpz/claudicus/cmd/kill/kill.go:67.47,70.4 2 0
github.com/nehpz/claudicus/cmd/kill/kill.go:71.3,71.55 1 0
github.com/nehpz/claudicus/cmd/kill/kill.go:75.2,76.16 2 0
github.com/nehpz/claudicus/cmd/kill/kill.go:76.16,79.56 2 0
github.com/nehpz/claudicus/cmd/kill/kill.go:79.56,80.59 1 0
github.com/nehpz/claudicus/cmd/kill/kill.go:80.59,82.5 1 0
github.com/nehpz/claudicus/cmd/kill/kill.go:82.10,84.5 1 0
github.com/nehpz/claudicus/cmd/kill/kill.go:88.3,89.55 2 0
github.com/nehpz/claudicus/cmd/kill/kill.go:89.55,90.58 1 0
github.com/nehpz/claudicus/cmd/kill/kill.go:90.58,92.5 1 0
github.com/nehpz/claudicus/cmd/kill/kill.go:92.10,94.5 1 0
github.com/nehpz/claudicus/cmd/kill/kill.go:98.3,98.53 1 0
github.com/nehpz/claudicus/cmd/kill/kill.go:98.53,100.4 1 0
github.com/nehpz/claudicus/cmd/kill/kill.go:100.9,102.4 1 0
github.com/nehpz/claudicus/cmd/kill/kill.go:105.2,105.12 1 0
github.com/nehpz/claudicus/cmd/kill/kill.go:109.65,114.16 3 0
github.com/nehpz/claudicus/cmd/kill/kill.go:114.16,117.3 2 0
github.com/nehpz/claudicus/cmd/kill/kill.go:119.2,119.30 1 0
github.com/nehpz/claudicus/cmd/kill/kill.go:119.30,122.3 2 0
github.com/nehpz/claudicus/cmd/kill/kill.go:124.2,125.45 2 0
github.com/nehpz/claudicus/cmd/kill/kill.go:125.45,128.21 2 0
github.com/nehpz/claudicus/cmd/kill/kill.go:128.21,130.12 2 0
github.com/nehpz/claudicus/cmd/kill/kill.go:132.3,134.70 2 0
github.com/nehpz/claudicus/cmd/kill/kill.go:134.70,136.12 2 0
github.com/nehpz/claudicus/cmd/kill/kill.go:139.3,140.47 2 0
github.com/nehpz/claudicus/cmd/kill/kill.go:143.2,144.12 2 0
github.com/nehpz/claudicus/cmd/kill/kill.go:147.60,148.20 1 0
github.com/nehpz/claudicus/cmd/kill/kill.go:148.20,150.3 1 0
github.com/nehpz/claudicus/cmd/kill/kill.go:152.2,156.15 3 0
github.com/nehpz/claudicus/cmd/kill/kill.go:156.15,158.3 1 0
github.com/nehpz/claudicus/cmd/kill/kill.go:161.2,161.24 1 0
github.com/nehpz/claudicus/cmd/kill/kill.go:161.24,163.3 1 0
github.com/nehpz/claudicus/cmd/kill/kill.go:166.2,167.16 2 0
github.com/nehpz/claudicus/cmd/kill/kill.go:167.16,170.3 2 0
github.com/nehpz/claudicus/cmd/kill/kill.go:173.2,174.41 2 0
github.com/nehpz/claudicus/cmd/kill/kill.go:174.41,175.48 1 0
github.com/nehpz/claudicus/cmd/kill/kill.go:175.48,177.9 2 0
github.com/nehpz/claudicus/cmd/kill/kill.go:181.2,181.25 1 0
github.com/nehpz/claudicus/cmd/kill/kill.go:181.25,184.3 2 0
github.com/nehpz/claudicus/cmd/kill/kill.go:187.2,187.71 1 0
github.com/nehpz/claudicus/cmd/kill/kill.go:187.71,189.3 1 0
github.com/nehpz/claudicus/cmd/kill/kill.go:191.2,192.12 2 0
github.com/nehpz/claudicus/cmd/ls/ls.go:38.88,41.71 2 0
github.com/nehpz/claudicus/cmd/ls/ls.go:41.71,43.3 1 0
github.com/nehpz/claudicus/cmd/ls/ls.go:43.8,44.55 1 0
github.com/nehpz/claudicus/cmd/ls/ls.go:44.55,46.4 1 0
github.com/nehpz/claudicus/cmd/ls/ls.go:49.2,50.44 2 0
github.com/nehpz/claudicus/cmd/ls/ls.go:50.44,52.3 1 0
github.com/nehpz/claudicus/cmd/ls/ls.go:54.2,64.34 8 0
github.com/nehpz/claudicus/cmd/ls/ls.go:64.34,66.3 1 0
github.com/nehpz/claudicus/cmd/ls/ls.go:68.2,76.55 6 0
github.com/nehpz/claudicus/cmd/ls/ls.go:76.55,78.3 1 0
github.com/nehpz/claudicus/cmd/ls/ls.go:79.2,79.55 1 0
github.com/nehpz/claudicus/cmd/ls/ls.go:79.55,81.3 1 0
github.com/nehpz/claudicus/cmd/ls/ls.go:83.2,83.30 1 0
github.com/nehpz/claudicus/cmd/ls/ls.go:86.57,89.16 3 0
github.com/nehpz/claudicus/cmd/ls/ls.go:89.16,91.3 1 0
github.com/nehpz/claudicus/cmd/ls/ls.go:92.2,92.28 1 0
github.com/nehpz/claudicus/cmd/ls/ls.go:95.48,97.16 2 0
github.com/nehpz/claudicus/cmd/ls/ls.go:97.16,99.3 1 0
github.com/nehpz/claudicus/cmd/ls/ls.go:101.2,101.92 1 0
github.com/nehpz/claudicus/cmd/ls/ls.go:101.92,103.3 1 0
github.com/nehpz/claudicus/cmd/ls/ls.go:104.2,104.16 1 0
github.com/nehpz/claudicus/cmd/ls/ls.go:107.41,108.16 1 0
github.com/nehpz/claudicus/cmd/ls/ls.go:109.15,110.32 1 0
github.com/nehpz/claudicus/cmd/ls/ls.go:111.17,112.34 1 0
github.com/nehpz/claudicus/cmd/ls/ls.go:113.10,114.16 1 0
github.com/nehpz/claudicus/cmd/ls/ls.go:118.37,122.22 3 0
github.com/nehpz/claudicus/cmd/ls/ls.go:122.22,124.3 1 0
github.com/nehpz/claudicus/cmd/ls/ls.go:124.8,124.32 1 0
github.com/nehpz/claudicus/cmd/ls/ls.go:124.32,126.3 1 0
github.com/nehpz/claudicus/cmd/ls/ls.go:126.8,126.34 1 0
github.com/nehpz/claudicus/cmd/ls/ls.go:126.34,128.3 1 0
github.com/nehpz/claudicus/cmd/ls/ls.go:129.2,129.27 1 0
github.com/nehpz/claudicus/cmd/ls/ls.go:147.106,150.71 2 0
github.com/nehpz/claudicus/cmd/ls/ls.go:150.71,151.55 1 0
github.com/nehpz/claudicus/cmd/ls/ls.go:151.55,153.4 1 0
github.com/nehpz/claudicus/cmd/ls/ls.go:156.2,157.45 2 0
github.com/nehpz/claudicus/cmd/ls/ls.go:157.45,159.10 2 0
github.com/nehpz/claudicus/cmd/ls/ls.go:159.10,160.12 1 0
github.com/nehpz/claudicus/cmd/ls/ls.go:164.3,166.45 3 0
github.com/nehpz/claudicus/cmd/ls/ls.go:166.45,168.4 1 0
github.com/nehpz/claudicus/cmd/ls/ls.go:170.3,175.18 4 0
github.com/nehpz/claudicus/cmd/ls/ls.go:175.18,177.4 1 0
github.com/nehpz/claudicus/cmd/ls/ls.go:179.3,191.43 2 0
github.com/nehpz/claudicus/cmd/ls/ls.go:195.2,195.43 1 0
github.com/nehpz/claudicus/cmd/ls/ls.go:195.43,198.33 3 0
github.com/nehpz/claudicus/cmd/ls/ls.go:198.33,200.4 1 0
github.com/nehpz/claudicus/cmd/ls/ls.go:201.3,201.22 1 0
github.com/nehpz/claudicus/cmd/ls/ls.go:204.2,204.22 1 0
github.com/nehpz/claudicus/cmd/ls/ls.go:207.89,209.16 2 0
github.com/nehpz/claudicus/cmd/ls/ls.go:209.16,211.3 1 0
github.com/nehpz/claudicus/cmd/ls/ls.go:214.2,216.33 3 0
github.com/nehpz/claudicus/cmd/ls/ls.go:219.85,222.71 2 0
github.com/nehpz/claudicus/cmd/ls/ls.go:222.71,223.55 1 0
github.com/nehpz/claudicus/cmd/ls/ls.go:223.55,225.4 1 0
github.com/nehpz/claudicus/cmd/ls/ls.go:229.2,234.45 3 0
github.com/nehpz/claudicus/cmd/ls/ls.go:234.45,235.43 1 0
github.com/nehpz/claudicus/cmd/ls/ls.go:235.43,237.4 1 0
github.com/nehpz/claudicus/cmd/ls/ls.go:241.2,241.43 1 0
github.com/nehpz/claudicus/cmd/ls/ls.go:241.43,243.3 1 0
github.com/nehpz/claudicus/cmd/ls/ls.go:246.2,252.35 3 0
github.com/nehpz/claudicus/cmd/ls/ls.go:252.35,259.45 5 0
github.com/nehpz/claudicus/cmd/ls/ls.go:259.45,261.4 1 0
github.com/nehpz/claudicus/cmd/ls/ls.go:263.3,268.40 4 0
github.com/nehpz/claudicus/cmd/ls/ls.go:268.40,270.4 1 0
github.com/nehpz/claudicus/cmd/ls/ls.go:270.9,273.4 1 0
github.com/nehpz/claudicus/cmd/ls/ls.go:276.3,277.18 2 0
github.com/nehpz/claudicus/cmd/ls/ls.go:277.18,279.4 1 0
github.com/nehpz/claudicus/cmd/ls/ls.go:282.3,283.22 2 0
github.com/nehpz/claudicus/cmd/ls/ls.go:283.22,285.4 1 0
github.com/nehpz/claudicus/cmd/ls/ls.go:286.3,293.4 1 0
github.com/nehpz/claudicus/cmd/ls/ls.go:295.2,297.12 2 0
github.com/nehpz/claudicus/cmd/ls/ls.go:300.20,302.2 1 0
github.com/nehpz/claudicus/cmd/ls/ls.go:304.58,306.25 2 0
github.com/nehpz/claudicus/cmd/ls/ls.go:306.25,308.3 1 0
github.com/nehpz/claudicus/cmd/ls/ls.go:310.2,310.16 1 0
github.com/nehpz/claudicus/cmd/ls/ls.go:310.16,318.17 5 0
github.com/nehpz/claudicus/cmd/ls/ls.go:318.17,320.4 1 0
github.com/nehpz/claudicus/cmd/ls/ls.go:322.3,322.31 1 0
github.com/nehpz/claudicus/cmd/ls/ls.go:322.31,324.4 1 0
github.com/nehpz/claudicus/cmd/ls/ls.go:324.9,325.70 1 0
github.com/nehpz/claudicus/cmd/ls/ls.go:325.70,327.5 1 0
github.com/nehpz/claudicus/cmd/ls/ls.go:331.3,331.7 1 0
github.com/nehpz/claudicus/cmd/ls/ls.go:331.7,332.11 1 0
github.com/nehpz/claudicus/cmd/ls/ls.go:333.22,334.21 1 0
github.com/nehpz/claudicus/cmd/ls/ls.go:335.20,338.19 3 0
github.com/nehpz/claudicus/cmd/ls/ls.go:338.19,340.14 2 0
github.com/nehpz/claudicus/cmd/ls/ls.go:343.5,343.33 1 0
github.com/nehpz/claudicus/cmd/ls/ls.go:343.33,345.6 1 0
github.com/nehpz/claudicus/cmd/ls/ls.go:345.11,346.72 1 0
github.com/nehpz/claudicus/cmd/ls/ls.go:346.72,348.7 1 0
github.com/nehpz/claudicus/cmd/ls/ls.go:352.8,355.17 2 0
github.com/nehpz/claudicus/cmd/ls/ls.go:355.17,357.4 1 0
github.com/nehpz/claudicus/cmd/ls/ls.go:359.3,359.31 1 0
github.com/nehpz/claudicus/cmd/ls/ls.go:359.31,360.19 1 0
github.com/nehpz/claudicus/cmd/ls/ls.go:360.19,363.5 1 0
github.com/nehpz/claudicus/cmd/ls/ls.go:363.10,365.5 1 0
github.com/nehpz/claudicus/cmd/ls/ls.go:366.4,366.14 1 0
github.com/nehpz/claudicus/cmd/ls/ls.go:369.3,369.18 1 0
github.com/nehpz/claudicus/cmd/ls/ls.go:369.18,371.4 1 0
github.com/nehpz/claudicus/cmd/ls/ls.go:371.9,373.4 1 0
github.com/nehpz/claudicus/cmd/prompt/prompt.go:43.68,49.34 3 0
github.com/nehpz/claudicus/cmd/prompt/prompt.go:49.34,52.22 2 0
github.com/nehpz/claudicus/cmd/prompt/prompt.go:52.22,54.4 1 0
github.com/nehpz/claudicus/cmd/prompt/prompt.go:56.3,60.17 4 0
github.com/nehpz/claudicus/cmd/prompt/prompt.go:60.17,62.4 1 0
github.com/nehpz/claudicus/cmd/prompt/prompt.go:64.3,64.16 1 0
github.com/nehpz/claudicus/cmd/prompt/prompt.go:64.16,66.4 1 0
github.com/nehpz/claudicus/cmd/prompt/prompt.go:69.3,72.4 1 0
github.com/nehpz/claudicus/cmd/prompt/prompt.go:75.2,75.26 1 0
github.com/nehpz/claudicus/cmd/prompt/prompt.go:79.37,82.16 3 0
github.com/nehpz/claudicus/cmd/prompt/prompt.go:82.16,84.3 1 0
github.com/nehpz/claudicus/cmd/prompt/prompt.go:85.2,86.13 2 0
github.com/nehpz/claudicus/cmd/prompt/prompt.go:90.79,91.25 1 0
github.com/nehpz/claudicus/cmd/prompt/prompt.go:91.25,93.3 1 0
github.com/nehpz/claudicus/cmd/prompt/prompt.go:96.2,98.16 3 0
github.com/nehpz/claudicus/cmd/prompt/prompt.go:98.16,99.25 1 0
github.com/nehpz/claudicus/cmd/prompt/prompt.go:99.25,102.4 1 0
github.com/nehpz/claudicus/cmd/prompt/prompt.go:103.3,103.63 1 0
github.com/nehpz/claudicus/cmd/prompt/prompt.go:107.2,108.54 2 0
github.com/nehpz/claudicus/cmd/prompt/prompt.go:108.54,110.3 1 0
github.com/nehpz/claudicus/cmd/prompt/prompt.go:113.2,114.36 2 0
github.com/nehpz/claudicus/cmd/prompt/prompt.go:114.36,115.26 1 0
github.com/nehpz/claudicus/cmd/prompt/prompt.go:115.26,117.4 1 0
github.com/nehpz/claudicus/cmd/prompt/prompt.go:120.2,120.27 1 0
github.com/nehpz/claudicus/cmd/prompt/prompt.go:124.82,125.49 1 0
github.com/nehpz/claudicus/cmd/prompt/prompt.go:125.49,128.46 2 0
github.com/nehpz/claudicus/cmd/prompt/prompt.go:128.46,129.28 1 0
github.com/nehpz/claudicus/cmd/prompt/prompt.go:129.28,131.10 2 0
github.com/nehpz/claudicus/cmd/prompt/prompt.go:134.3,134.22 1 0
github.com/nehpz/claudicus/cmd/prompt/prompt.go:134.22,135.12 1 0
github.com/nehpz/claudicus/cmd/prompt/prompt.go:139.3,139.28 1 0
github.com/nehpz/claudicus/cmd/prompt/prompt.go:139.28,141.4 1 0
github.com/nehpz/claudicus/cmd/prompt/prompt.go:143.2,143.79 1 0
github.com/nehpz/claudicus/cmd/prompt/prompt.go:146.62,147.20 1 0
github.com/nehpz/claudicus/cmd/prompt/prompt.go:147.20,149.3 1 0
github.com/nehpz/claudicus/cmd/prompt/prompt.go:152.2,153.16 2 0
github.com/nehpz/claudicus/cmd/prompt/prompt.go:153.16,155.3 1 0
github.com/nehpz/claudicus/cmd/prompt/prompt.go:156.2,156.52 1 0
github.com/nehpz/claudicus/cmd/prompt/prompt.go:156.52,158.3 1 0
github.com/nehpz/claudicus/cmd/prompt/prompt.go:159.2,159.50 1 0
github.com/nehpz/claudicus/cmd/prompt/prompt.go:159.50,161.3 1 0
github.com/nehpz/claudicus/cmd/prompt/prompt.go:163.2,169.16 5 0
github.com/nehpz/claudicus/cmd/prompt/prompt.go:169.16,172.3 2 0
github.com/nehpz/claudicus/cmd/prompt/prompt.go:175.2,179.16 3 0
github.com/nehpz/claudicus/cmd/prompt/prompt.go:179.16,181.3 1 0
github.com/nehpz/claudicus/cmd/prompt/prompt.go:183.2,183.42 1 0
github.com/nehpz/claudicus/cmd/prompt/prompt.go:183.42,184.37 1 0
github.com/nehpz/claudicus/cmd/prompt/prompt.go:184.37,190.25 3 0
github.com/nehpz/claudicus/cmd/prompt/prompt.go:190.25,193.5 1 0
github.com/nehpz/claudicus/cmd/prompt/prompt.go:195.4,202.18 5 0
github.com/nehpz/claudicus/cmd/prompt/prompt.go:202.18,204.13 2 0
github.com/nehpz/claudicus/cmd/prompt/prompt.go:206.4,212.18 5 0
github.com/nehpz/claudicus/cmd/prompt/prompt.go:212.18,214.13 2 0
github.com/nehpz/claudicus/cmd/prompt/prompt.go:216.4,234.18 10 0
github.com/nehpz/claudicus/cmd/prompt/prompt.go:234.18,236.13 2 0
github.com/nehpz/claudicus/cmd/prompt/prompt.go:239.4,240.58 2 0
github.com/nehpz/claudicus/cmd/prompt/prompt.go:240.58,242.13 2 0
github.com/nehpz/claudicus/cmd/prompt/prompt.go:245.4,251.40 6 0
github.com/nehpz/claudicus/cmd/prompt/prompt.go:251.40,253.13 2 0
github.com/nehpz/claudicus/cmd/prompt/prompt.go:257.4,259.40 3 0
github.com/nehpz/claudicus/cmd/prompt/prompt.go:259.40,261.13 2 0
github.com/nehpz/claudicus/cmd/prompt/prompt.go:265.4,267.43 3 0
github.com/nehpz/claudicus/cmd/prompt/prompt.go:267.43,269.13 2 0
github.com/nehpz/claudicus/cmd/prompt/prompt.go:273.4,273.102 1 0
github.com/nehpz/claudicus/cmd/prompt/prompt.go:273.102,277.46 3 0
github.com/nehpz/claudicus/cmd/prompt/prompt.go:277.46,279.6 1 0
github.com/nehpz/claudicus/cmd/prompt/prompt.go:282.5,285.45 4 0
github.com/nehpz/claudicus/cmd/prompt/prompt.go:285.45,287.14 2 0
github.com/nehpz/claudicus/cmd/prompt/prompt.go:291.5,292.28 2 0
github.com/nehpz/claudicus/cmd/prompt/prompt.go:292.28,293.116 1 0
github.com/nehpz/claudicus/cmd/prompt/prompt.go:293.116,295.7 1 0
github.com/nehpz/claudicus/cmd/prompt/prompt.go:297.5,297.13 1 0
github.com/nehpz/claudicus/cmd/prompt/prompt.go:300.4,301.23 2 0
github.com/nehpz/claudicus/cmd/prompt/prompt.go:301.23,303.13 2 0
github.com/nehpz/claudicus/cmd/prompt/prompt.go:306.4,308.61 3 0
github.com/nehpz/claudicus/cmd/prompt/prompt.go:308.61,310.13 2 0
github.com/nehpz/claudicus/cmd/prompt/prompt.go:313.4,314.18 2 0
github.com/nehpz/claudicus/cmd/prompt/prompt.go:314.18,316.13 2 0
github.com/nehpz/claudicus/cmd/prompt/prompt.go:319.4,325.46 5 0
github.com/nehpz/claudicus/cmd/prompt/prompt.go:325.46,327.13 2 0
github.com/nehpz/claudicus/cmd/prompt/prompt.go:331.4,333.47 3 0
github.com/nehpz/claudicus/cmd/prompt/prompt.go:333.47,335.5 1 0
github.com/nehpz/claudicus/cmd/prompt/prompt.go:338.4,340.45 3 0
github.com/nehpz/claudicus/cmd/prompt/prompt.go:340.45,342.5 1 0
github.com/nehpz/claudicus/cmd/prompt/prompt.go:344.4,350.44 5 0
github.com/nehpz/claudicus/cmd/prompt/prompt.go:350.44,352.13 2 0
github.com/nehpz/claudicus/cmd/prompt/prompt.go:356.4,357.27 2 0
github.com/nehpz/claudicus/cmd/prompt/prompt.go:357.27,358.137 1 0
github.com/nehpz/claudicus/cmd/prompt/prompt.go:358.137,360.6 1 0
github.com/nehpz/claudicus/cmd/prompt/prompt.go:365.2,365.12 1 0
github.com/nehpz/claudicus/cmd/reset/reset.go:27.61,29.16 2 0
github.com/nehpz/claudicus/cmd/reset/reset.go:29.16,31.3 1 0
github.com/nehpz/claudicus/cmd/reset/reset.go:33.2,36.56 2 0
github.com/nehpz/claudicus/cmd/reset/reset.go:36.56,40.3 3 0
github.com/nehpz/claudicus/cmd/reset/reset.go:43.2,48.16 5 0
github.com/nehpz/claudicus/cmd/reset/reset.go:48.16,50.3 1 0
github.com/nehpz/claudicus/cmd/reset/reset.go:52.2,53.42 2 0
github.com/nehpz/claudicus/cmd/reset/reset.go:53.42,56.3 2 0
github.com/nehpz/claudicus/cmd/reset/reset.go:59.2,59.50 1 0
github.com/nehpz/claudicus/cmd/reset/reset.go:59.50,62.3 2 0
github.com/nehpz/claudicus/cmd/reset/reset.go:64.2,66.12 3 0
github.com/nehpz/claudicus/cmd/broadcast/broadcast.go:27.65,28.20 1 0
github.com/nehpz/claudicus/cmd/broadcast/broadcast.go:28.20,30.3 1 0
github.com/nehpz/claudicus/cmd/broadcast/broadcast.go:32.2,37.15 4 0
github.com/nehpz/claudicus/cmd/broadcast/broadcast.go:37.15,39.3 1 0
github.com/nehpz/claudicus/cmd/broadcast/broadcast.go:42.2,43.16 2 0
github.com/nehpz/claudicus/cmd/broadcast/broadcast.go:43.16,46.3 2 0
github.com/nehpz/claudicus/cmd/broadcast/broadcast.go:48.2,48.30 1 0
github.com/nehpz/claudicus/cmd/broadcast/broadcast.go:48.30,50.3 1 0
github.com/nehpz/claudicus/cmd/broadcast/broadcast.go:52.2,55.41 2 0
github.com/nehpz/claudicus/cmd/broadcast/broadcast.go:55.41,60.43 3 0
github.com/nehpz/claudicus/cmd/broadcast/broadcast.go:60.43,62.12 2 0
github.com/nehpz/claudicus/cmd/broadcast/broadcast.go:64.3,64.75 1 0
github.com/nehpz/claudicus/cmd/broadcast/broadcast.go:67.2,67.12 1 0
github.com/nehpz/claudicus/cmd/run/run.go:30.59,33.20 2 0
github.com/nehpz/claudicus/cmd/run/run.go:33.20,35.3 1 0
github.com/nehpz/claudicus/cmd/run/run.go:37.2,41.15 3 0
github.com/nehpz/claudicus/cmd/run/run.go:41.15,43.3 1 0
github.com/nehpz/claudicus/cmd/run/run.go:46.2,47.16 2 0
github.com/nehpz/claudicus/cmd/run/run.go:47.16,50.3 2 0
github.com/nehpz/claudicus/cmd/run/run.go:52.2,52.30 1 0
github.com/nehpz/claudicus/cmd/run/run.go:52.30,54.3 1 0
github.com/nehpz/claudicus/cmd/run/run.go:56.2,59.41 2 0
github.com/nehpz/claudicus/cmd/run/run.go:59.41,66.17 4 0
github.com/nehpz/claudicus/cmd/run/run.go:66.17,68.12 2 0
github.com/nehpz/claudicus/cmd/run/run.go:71.3,75.43 4 0
github.com/nehpz/claudicus/cmd/run/run.go:75.43,77.12 2 0
github.com/nehpz/claudicus/cmd/run/run.go:81.3,84.42 4 0
github.com/nehpz/claudicus/cmd/run/run.go:84.42,86.4 1 0
github.com/nehpz/claudicus/cmd/run/run.go:86.9,88.20 2 0
github.com/nehpz/claudicus/cmd/run/run.go:88.20,90.5 1 0
github.com/nehpz/claudicus/cmd/run/run.go:94.3,94.19 1 0
github.com/nehpz/claudicus/cmd/run/run.go:94.19,96.46 2 0
github.com/nehpz/claudicus/cmd/run/run.go:96.46,98.5 1 0
github.com/nehpz/claudicus/cmd/run/run.go:102.2,102.12 1 0
github.com/nehpz/claudicus/cmd/tui/main.go:40.56,42.4 1 0
github.com/nehpz/claudicus/cmd/tui/main.go:47.24,51.2 1 0
github.com/nehpz/claudicus/cmd/tui/main.go:54.18,56.19 1 0
github.com/nehpz/claudicus/cmd/tui/main.go:56.19,58.3 1 0
github.com/nehpz/claudicus/cmd/tui/main.go:61.2,77.41 5 0
github.com/nehpz/claudicus/cmd/tui/main.go:77.41,79.3 1 0
github.com/nehpz/claudicus/cmd/tui/main.go:81.2,81.12 1 0
github.com/nehpz/claudicus/cmd/tui/main.go:85.13,86.30 1 0
github.com/nehpz/claudicus/cmd/tui/main.go:86.30,89.3 2 0
github.com/nehpz/claudicus/cmd/watch/auto.go:38.38,44.2 1 0
github.com/nehpz/claudicus/cmd/watch/auto.go:46.60,49.2 2 0
github.com/nehpz/claudicus/cmd/watch/auto.go:51.80,54.16 3 0
github.com/nehpz/claudicus/cmd/watch/auto.go:54.16,56.3 1 0
github.com/nehpz/claudicus/cmd/watch/auto.go:57.2,57.28 1 0
github.com/nehpz/claudicus/cmd/watch/auto.go:60.73,63.2 2 0
github.com/nehpz/claudicus/cmd/watch/auto.go:65.60,67.2 1 0
github.com/nehpz/claudicus/cmd/watch/auto.go:69.76,71.16 2 0
github.com/nehpz/claudicus/cmd/watch/auto.go:71.16,73.3 1 0
github.com/nehpz/claudicus/cmd/watch/auto.go:76.2,79.73 2 0
github.com/nehpz/claudicus/cmd/watch/auto.go:79.73,81.3 1 0
github.com/nehpz/claudicus/cmd/watch/auto.go:84.2,89.47 1 0
github.com/nehpz/claudicus/cmd/watch/auto.go:89.47,91.3 1 0
github.com/nehpz/claudicus/cmd/watch/auto.go:93.2,95.13 3 0
github.com/nehpz/claudicus/cmd/watch/auto.go:95.13,106.3 3 0
github.com/nehpz/claudicus/cmd/watch/auto.go:109.2,110.55 2 0
github.com/nehpz/claudicus/cmd/watch/auto.go:110.55,117.3 6 0
github.com/nehpz/claudicus/cmd/watch/auto.go:119.2,121.30 3 0
github.com/nehpz/claudicus/cmd/watch/auto.go:124.58,127.6 2 0
github.com/nehpz/claudicus/cmd/watch/auto.go:127.6,128.10 1 0
github.com/nehpz/claudicus/cmd/watch/auto.go:129.18,130.10 1 0
github.com/nehpz/claudicus/cmd/watch/auto.go:131.11,133.18 2 0
github.com/nehpz/claudicus/cmd/watch/auto.go:133.18,136.13 3 0
github.com/nehpz/claudicus/cmd/watch/auto.go:139.4,139.15 1 0
github.com/nehpz/claudicus/cmd/watch/auto.go:139.15,141.5 1 0
github.com/nehpz/claudicus/cmd/watch/auto.go:141.11,143.5 0 0
github.com/nehpz/claudicus/cmd/watch/auto.go:145.4,145.17 1 0
github.com/nehpz/claudicus/cmd/watch/auto.go:145.17,147.52 2 0
github.com/nehpz/claudicus/cmd/watch/auto.go:147.52,149.6 1 0
github.com/nehpz/claudicus/cmd/watch/auto.go:149.11,151.6 1 0
github.com/nehpz/claudicus/cmd/watch/auto.go:154.4,154.38 1 0
github.com/nehpz/claudicus/cmd/watch/auto.go:159.55,161.16 2 0
github.com/nehpz/claudicus/cmd/watch/auto.go:161.16,163.3 1 0
github.com/nehpz/claudicus/cmd/watch/auto.go:166.2,167.46 2 0
github.com/nehpz/claudicus/cmd/watch/auto.go:167.46,169.48 2 0
github.com/nehpz/claudicus/cmd/watch/auto.go:169.48,170.36 1 0
github.com/nehpz/claudicus/cmd/watch/auto.go:170.36,172.10 2 0
github.com/nehpz/claudicus/cmd/watch/auto.go:175.3,175.13 1 0
github.com/nehpz/claudicus/cmd/watch/auto.go:175.13,178.4 2 0
github.com/nehpz/claudicus/cmd/watch/auto.go:180.2,183.45 2 0
github.com/nehpz/claudicus/cmd/watch/auto.go:183.45,187.14 4 0
github.com/nehpz/claudicus/cmd/watch/auto.go:187.14,189.4 1 0
github.com/nehpz/claudicus/cmd/watch/auto.go:192.2,192.12 1 0
github.com/nehpz/claudicus/cmd/watch/auto.go:195.33,206.12 6 0
github.com/nehpz/claudicus/cmd/watch/auto.go:206.12,207.7 1 0
github.com/nehpz/claudicus/cmd/watch/auto.go:207.7,208.11 1 0
github.com/nehpz/claudicus/cmd/watch/auto.go:209.27,210.54 1 0
github.com/nehpz/claudicus/cmd/watch/auto.go:210.54,212.6 1 0
github.com/nehpz/claudicus/cmd/watch/auto.go:213.19,214.11 1 0
github.com/nehpz/claudicus/cmd/watch/auto.go:220.2,220.51 1 0
github.com/nehpz/claudicus/cmd/watch/auto.go:220.51,222.3 1 0
github.com/nehpz/claudicus/cmd/watch/auto.go:225.2,227.16 3 0
github.com/nehpz/claudicus/cmd/watch/auto.go:242.32,245.3 2 0
github.com/nehpz/claudicus/cmd/watch/auto.go:246.55,250.3 3 0
github.com/nehpz/claudicus/pkg/state/reader.go:35.51,41.2 2 0
github.com/nehpz/claudicus/pkg/state/reader.go:44.62,46.57 1 0
github.com/nehpz/claudicus/pkg/state/reader.go:46.57,48.3 1 0
github.com/nehpz/claudicus/pkg/state/reader.go:51.2,52.16 2 0
github.com/nehpz/claudicus/pkg/state/reader.go:52.16,54.3 1 0
github.com/nehpz/claudicus/pkg/state/reader.go:57.2,58.54 2 0
github.com/nehpz/claudicus/pkg/state/reader.go:58.54,60.3 1 0
github.com/nehpz/claudicus/pkg/state/reader.go:63.2,64.46 2 0
github.com/nehpz/claudicus/pkg/state/reader.go:64.46,76.27 5 0
github.com/nehpz/claudicus/pkg/state/reader.go:76.27,78.4 1 0
github.com/nehpz/claudicus/pkg/state/reader.go:80.3,94.43 2 0
github.com/nehpz/claudicus/pkg/state/reader.go:97.2,97.22 1 0
github.com/nehpz/claudicus/pkg/state/reader.go:102.68,104.44 2 0
github.com/nehpz/claudicus/pkg/state/reader.go:104.44,107.3 1 0
github.com/nehpz/claudicus/pkg/state/reader.go:108.2,108.20 1 0
github.com/nehpz/claudicus/pkg/state/reader.go:112.68,115.39 2 0
github.com/nehpz/claudicus/pkg/state/reader.go:115.39,117.3 1 0
github.com/nehpz/claudicus/pkg/state/reader.go:120.2,121.16 2 0
github.com/nehpz/claudicus/pkg/state/reader.go:121.16,123.3 1 0
github.com/nehpz/claudicus/pkg/state/reader.go:126.2,128.42 1 0
github.com/nehpz/claudicus/pkg/state/reader.go:128.42,130.3 1 0
github.com/nehpz/claudicus/pkg/state/reader.go:132.2,132.16 1 0
github.com/nehpz/claudicus/pkg/state/reader.go:136.75,139.16 3 0
github.com/nehpz/claudicus/pkg/state/reader.go:139.16,141.3 1 0
github.com/nehpz/claudicus/pkg/state/reader.go:142.2,142.28 1 0
github.com/nehpz/claudicus/pkg/state/reader.go:146.72,147.24 1 0
github.com/nehpz/claudicus/pkg/state/reader.go:147.24,149.3 1 0
github.com/nehpz/claudicus/pkg/state/reader.go:152.2,152.57 1 0
github.com/nehpz/claudicus/pkg/state/reader.go:152.57,154.3 1 0
github.com/nehpz/claudicus/pkg/state/reader.go:157.2,162.16 5 0
github.com/nehpz/claudicus/pkg/state/reader.go:162.16,164.3 1 0
github.com/nehpz/claudicus/pkg/state/reader.go:166.2,166.45 1 0
github.com/nehpz/claudicus/pkg/state/reader.go:170.68,178.55 5 0
github.com/nehpz/claudicus/pkg/state/reader.go:178.55,180.3 1 0
github.com/nehpz/claudicus/pkg/state/reader.go:181.2,181.55 1 0
github.com/nehpz/claudicus/pkg/state/reader.go:181.55,183.3 1 0
github.com/nehpz/claudicus/pkg/state/reader.go:185.2,185.30 1 0
github.com/nehpz/claudicus/pkg/state/reader.go:189.67,191.16 2 0
github.com/nehpz/claudicus/pkg/state/reader.go:191.16,193.3 1 0
github.com/nehpz/claudicus/pkg/state/reader.go:195.2,196.38 2 0
github.com/nehpz/claudicus/pkg/state/reader.go:196.38,197.35 1 0
github.com/nehpz/claudicus/pkg/state/reader.go:197.35,199.4 1 0
github.com/nehpz/claudicus/pkg/state/reader.go:202.2,202.28 1 0
github.com/nehpz/claudicus/pkg/state/reader.go:206.91,208.35 2 0
github.com/nehpz/claudicus/pkg/state/reader.go:208.35,212.3 1 0
github.com/nehpz/claudicus/pkg/state/reader.go:213.2,213.17 1 0
github.com/nehpz/claudicus/pkg/state/state.go:31.38,33.16 2 0
github.com/nehpz/claudicus/pkg/state/state.go:33.16,36.3 2 0
github.com/nehpz/claudicus/pkg/state/state.go:38.2,39.44 2 0
github.com/nehpz/claudicus/pkg/state/state.go:42.48,45.2 2 0
github.com/nehpz/claudicus/pkg/state/state.go:47.45,50.16 3 0
github.com/nehpz/claudicus/pkg/state/state.go:50.16,53.3 2 0
github.com/nehpz/claudicus/pkg/state/state.go:54.2,54.42 1 0
github.com/nehpz/claudicus/pkg/state/state.go:57.48,61.16 3 0
github.com/nehpz/claudicus/pkg/state/state.go:61.16,64.3 1 0
github.com/nehpz/claudicus/pkg/state/state.go:66.2,68.20 3 0
github.com/nehpz/claudicus/pkg/state/state.go:68.20,70.3 1 0
github.com/nehpz/claudicus/pkg/state/state.go:71.2,71.15 1 0
github.com/nehpz/claudicus/pkg/state/state.go:74.65,77.2 2 0
github.com/nehpz/claudicus/pkg/state/state.go:79.70,82.56 2 0
github.com/nehpz/claudicus/pkg/state/state.go:82.56,83.25 1 0
github.com/nehpz/claudicus/pkg/state/state.go:83.25,85.4 1 0
github.com/nehpz/claudicus/pkg/state/state.go:86.3,86.18 1 0
github.com/nehpz/claudicus/pkg/state/state.go:87.8,88.55 1 0
github.com/nehpz/claudicus/pkg/state/state.go:88.55,90.4 1 0
github.com/nehpz/claudicus/pkg/state/state.go:93.2,94.23 2 0
github.com/nehpz/claudicus/pkg/state/state.go:94.23,96.3 1 0
github.com/nehpz/claudicus/pkg/state/state.go:98.2,99.41 2 0
github.com/nehpz/claudicus/pkg/state/state.go:99.41,100.69 1 0
github.com/nehpz/claudicus/pkg/state/state.go:100.69,102.4 1 0
github.com/nehpz/claudicus/pkg/state/state.go:105.2,105.28 1 0
github.com/nehpz/claudicus/pkg/state/state.go:108.102,110.2 1 0
github.com/nehpz/claudicus/pkg/state/state.go:112.120,113.44 1 0
github.com/nehpz/claudicus/pkg/state/state.go:113.44,115.3 1 0
github.com/nehpz/claudicus/pkg/state/state.go:118.2,119.56 2 0
github.com/nehpz/claudicus/pkg/state/state.go:119.56,121.3 1 0
github.com/nehpz/claudicus/pkg/state/state.go:124.2,137.53 3 0
github.com/nehpz/claudicus/pkg/state/state.go:137.53,139.3 1 0
github.com/nehpz/claudicus/pkg/state/state.go:139.8,141.3 1 0
github.com/nehpz/claudicus/pkg/state/state.go:143.2,146.60 2 0
github.com/nehpz/claudicus/pkg/state/state.go:146.60,148.3 1 0
github.com/nehpz/claudicus/pkg/state/state.go:151.2,152.16 2 0
github.com/nehpz/claudicus/pkg/state/state.go:152.16,154.3 1 0
github.com/nehpz/claudicus/pkg/state/state.go:156.2,156.47 1 0
github.com/nehpz/claudicus/pkg/state/state.go:159.51,162.16 3 0
github.com/nehpz/claudicus/pkg/state/state.go:162.16,165.3 2 0
github.com/nehpz/claudicus/pkg/state/state.go:166.2,166.42 1 0
github.com/nehpz/claudicus/pkg/state/state.go:169.71,171.16 2 0
github.com/nehpz/claudicus/pkg/state/state.go:171.16,173.3 1 0
github.com/nehpz/claudicus/pkg/state/state.go:175.2,176.52 2 0
github.com/nehpz/claudicus/pkg/state/state.go:176.52,178.3 1 0
github.com/nehpz/claudicus/pkg/state/state.go:180.2,182.25 3 0
github.com/nehpz/claudicus/pkg/state/state.go:182.25,184.3 1 0
github.com/nehpz/claudicus/pkg/state/state.go:186.2,186.62 1 0
github.com/nehpz/claudicus/pkg/state/state.go:189.47,191.2 1 0
github.com/nehpz/claudicus/pkg/state/state.go:193.63,196.56 2 0
github.com/nehpz/claudicus/pkg/state/state.go:196.56,197.25 1 0
github.com/nehpz/claudicus/pkg/state/state.go:197.25,199.4 1 0
github.com/nehpz/claudicus/pkg/state/state.go:200.3,200.13 1 0
github.com/nehpz/claudicus/pkg/state/state.go:201.8,202.55 1 0
github.com/nehpz/claudicus/pkg/state/state.go:202.55,204.4 1 0
github.com/nehpz/claudicus/pkg/state/state.go:208.2,212.16 3 0
github.com/nehpz/claudicus/pkg/state/state.go:212.16,214.3 1 0
github.com/nehpz/claudicus/pkg/state/state.go:216.2,216.47 1 0
github.com/nehpz/claudicus/pkg/state/state.go:220.82,223.56 2 0
github.com/nehpz/claudicus/pkg/state/state.go:223.56,225.3 1 0
github.com/nehpz/claudicus/pkg/state/state.go:225.8,226.55 1 0
github.com/nehpz/claudicus/pkg/state/state.go:226.55,228.4 1 0
github.com/nehpz/claudicus/pkg/state/state.go:231.2,232.9 2 0
github.com/nehpz/claudicus/pkg/state/state.go:232.9,234.3 1 0
github.com/nehpz/claudicus/pkg/state/state.go:236.2,236.20 1 0
github.com/nehpz/claudicus/pkg/agents/agents.go:130.30,134.2 3 0
github.com/nehpz/claudicus/pkg/config/config.go:14.29,19.2 1 0
github.com/nehpz/claudicus/pkg/config/config.go:22.47,24.16 2 0
github.com/nehpz/claudicus/pkg/config/config.go:24.16,26.3 1 0
github.com/nehpz/claudicus/pkg/config/config.go:28.2,29.54 2 0
github.com/nehpz/claudicus/pkg/config/config.go:29.54,31.3 1 0
github.com/nehpz/claudicus/pkg/config/config.go:33.2,33.21 1 0
github.com/nehpz/claudicus/pkg/config/config.go:37.36,39.2 1 0
